2022-07-28 09:59:34.760 INFO  org.fisco.bcos.sdk.BcosSDK 58 build -- create BcosSDK, configPath: /root/fisco/console/conf/config.toml
2022-07-28 09:59:34.853 INFO  org.fisco.bcos.sdk.network.ConnectionManager 88 <init> --  all connections, size: 2, list: [ConnectionInfo{host='127.0.0.1', port=20200}, ConnectionInfo{host='127.0.0.1', port=20201}]
2022-07-28 09:59:34.853 INFO  org.fisco.bcos.sdk.network.NetworkImp 167 start -- 
* TRACE INFORMATION:
----------------------------
====> STEP1: try to connect nodes with ecdsa context...

2022-07-28 09:59:34.854 INFO  org.fisco.bcos.sdk.network.NetworkImp 174 start -- ====> <==== STEP1-1: Load certificates for ecdsa context success..., start connManager with ECDSA sslContext
2022-07-28 09:59:34.874 INFO  org.fisco.bcos.sdk.network.ConnectionManager 238 initSslContext --  build ECDSA ssl context with configured certificates 
2022-07-28 09:59:35.028 INFO  io.netty.handler.ssl.OpenSsl 357 <clinit> -- Using supported configured namedGroups: [SM2, secp256k1, secp256r1, secp384r1, secp521r1]. Unsupported namedGroups: [x25519]. 
2022-07-28 09:59:35.099 INFO  org.fisco.bcos.sdk.network.ConnectionManager 402 checkConnectionResult --  ssl handshake success 127.0.0.1:20200
2022-07-28 09:59:35.099 INFO  org.fisco.bcos.sdk.network.ConnectionManager 402 checkConnectionResult --  ssl handshake success 127.0.0.1:20201
2022-07-28 09:59:35.099 INFO  org.fisco.bcos.sdk.network.ChannelHandler 73 userEventTriggered --  handshake success, host: 127.0.0.1, port: 20201, ctx: 1323822211
2022-07-28 09:59:35.099 INFO  org.fisco.bcos.sdk.network.ChannelHandler 73 userEventTriggered --  handshake success, host: 127.0.0.1, port: 20200, ctx: 154295509
2022-07-28 09:59:35.141 INFO  org.fisco.bcos.sdk.channel.ChannelMsgHandler$1 225 onResponse --  node: ClientVersion{version='2.9.0', supportedVersion='2.9.0', chainId='1', buildTime='20220516 06:12:02', buildType='Linux/clang/Release', gitBranch='HEAD', gitCommitHash='b8a2362911462ccc3a19862bdd418b4f486f5601'}, content: {"id":1,"jsonrpc":"2.0","result":{"Build Time":"20220516 06:12:02","Build Type":"Linux/clang/Release","Chain Id":"1","FISCO-BCOS Version":"2.9.0","Git Branch":"HEAD","Git Commit Hash":"b8a2362911462ccc3a19862bdd418b4f486f5601","Supported Version":"2.9.0"}}

2022-07-28 09:59:35.141 INFO  org.fisco.bcos.sdk.channel.ChannelMsgHandler$1 225 onResponse --  node: ClientVersion{version='2.9.0', supportedVersion='2.9.0', chainId='1', buildTime='20220516 06:12:02', buildType='Linux/clang/Release', gitBranch='HEAD', gitCommitHash='b8a2362911462ccc3a19862bdd418b4f486f5601'}, content: {"id":0,"jsonrpc":"2.0","result":{"Build Time":"20220516 06:12:02","Build Type":"Linux/clang/Release","Chain Id":"1","FISCO-BCOS Version":"2.9.0","Git Branch":"HEAD","Git Commit Hash":"b8a2362911462ccc3a19862bdd418b4f486f5601","Supported Version":"2.9.0"}}

2022-07-28 09:59:35.142 INFO  org.fisco.bcos.sdk.channel.ChannelMsgHandler$1 233 onResponse --  support channel handshake node
2022-07-28 09:59:35.142 INFO  org.fisco.bcos.sdk.channel.ChannelMsgHandler$1 233 onResponse --  support channel handshake node
2022-07-28 09:59:35.144 INFO  org.fisco.bcos.sdk.channel.ChannelMsgHandler$2 309 onResponse --  channel protocol handshake success, set socket channel protocol, host: 127.0.0.1:20200, channel protocol: ChannelProtocol [protocol=3, nodeVersion=2.9.0, EnumProtocol=VERSION_3]
2022-07-28 09:59:35.144 INFO  org.fisco.bcos.sdk.channel.ChannelMsgHandler$2 309 onResponse --  channel protocol handshake success, set socket channel protocol, host: 127.0.0.1:20201, channel protocol: ChannelProtocol [protocol=3, nodeVersion=2.9.0, EnumProtocol=VERSION_3]
2022-07-28 09:59:35.162 INFO  org.fisco.bcos.sdk.channel.ChannelImp 126 checkConnectionsToStartPeriodTask --  Connect to  nodes: 127.0.0.1:20200, 127.0.0.1:20201, 
2022-07-28 09:59:35.162 INFO  org.fisco.bcos.sdk.BcosSDK 77 <init> -- create BcosSDK, start channel success, cryptoType: 0
2022-07-28 09:59:35.163 INFO  org.fisco.bcos.sdk.BcosSDK 87 <init> -- create BcosSDK, start channel succ, channelProcessorThreadSize: 20, receiptProcessorThreadSize: 20
2022-07-28 09:59:35.168 INFO  org.fisco.bcos.sdk.service.GroupManagerServiceImpl 260 registerBlockNumberNotifyHandler -- registerBlockNumberNotifyHandler
2022-07-28 09:59:35.169 INFO  org.fisco.bcos.sdk.service.GroupManagerServiceImpl 282 registerTransactionNotifyHandler -- registerTransactionNotifyHandler
2022-07-28 09:59:35.179 INFO  org.fisco.bcos.sdk.BcosSDK 98 <init> -- create BcosSDK, create groupManagerService success
2022-07-28 09:59:35.496 INFO  org.fisco.bcos.sdk.amop.AmopImp 216 sendSubscribe -- update subscribe inform 2 peers
2022-07-28 09:59:35.500 INFO  org.fisco.bcos.sdk.amop.AmopImp 216 sendSubscribe -- update subscribe inform 2 peers
2022-07-28 09:59:35.500 INFO  org.fisco.bcos.sdk.amop.AmopImp 188 start -- amop module started
2022-07-28 09:59:35.500 INFO  org.fisco.bcos.sdk.amop.AmopImp 216 sendSubscribe -- update subscribe inform 2 peers
2022-07-28 09:59:35.500 INFO  org.fisco.bcos.sdk.BcosSDK 103 <init> -- create BcosSDK, create Amop success
2022-07-28 09:59:35.523 INFO  org.fisco.bcos.sdk.client.Client 114 build -- build client success for group 1, crypto type 0
2022-07-28 09:59:35.525 INFO  org.fisco.bcos.sdk.BcosSDK 178 getClient -- create client for group 1 success
2022-07-28 09:59:35.548 INFO  org.fisco.bcos.sdk.eventsub.EventSubscribeImp 173 resendWaitingFilters -- Resend waiting filters, size: 0
2022-07-28 09:59:35.548 INFO  org.fisco.bcos.sdk.eventsub.EventSubscribeImp 173 resendWaitingFilters -- Resend waiting filters, size: 0
2022-07-28 09:59:35.550 INFO  org.fisco.bcos.sdk.eventsub.EventSubscribeImp 173 resendWaitingFilters -- Resend waiting filters, size: 0
2022-07-28 09:59:35.550 INFO  org.fisco.bcos.sdk.eventsub.EventSubscribeImp 173 resendWaitingFilters -- Resend waiting filters, size: 0
2022-07-28 09:59:35.551 INFO  org.fisco.bcos.sdk.eventsub.EventSubscribeImp 173 resendWaitingFilters -- Resend waiting filters, size: 0
2022-07-28 09:59:35.552 INFO  org.fisco.bcos.sdk.eventsub.EventSubscribeImp 173 resendWaitingFilters -- Resend waiting filters, size: 0
2022-07-28 09:59:35.554 INFO  org.fisco.bcos.sdk.eventsub.EventSubscribeImp 173 resendWaitingFilters -- Resend waiting filters, size: 0
2022-07-28 09:59:35.558 INFO  org.fisco.bcos.sdk.eventsub.EventSubscribeImp 173 resendWaitingFilters -- Resend waiting filters, size: 0
2022-07-28 09:59:35.559 INFO  org.fisco.bcos.sdk.eventsub.EventSubscribeImp 173 resendWaitingFilters -- Resend waiting filters, size: 0
2022-07-28 09:59:35.561 INFO  org.fisco.bcos.sdk.eventsub.EventSubscribeImp 173 resendWaitingFilters -- Resend waiting filters, size: 0
2022-07-28 09:59:45.557 INFO  org.fisco.bcos.sdk.eventsub.EventSubscribeImp 173 resendWaitingFilters -- Resend waiting filters, size: 0
2022-07-28 09:59:45.557 INFO  org.fisco.bcos.sdk.eventsub.EventSubscribeImp 173 resendWaitingFilters -- Resend waiting filters, size: 0
2022-07-28 09:59:45.558 INFO  org.fisco.bcos.sdk.eventsub.EventSubscribeImp 173 resendWaitingFilters -- Resend waiting filters, size: 0
2022-07-28 09:59:45.558 INFO  org.fisco.bcos.sdk.eventsub.EventSubscribeImp 173 resendWaitingFilters -- Resend waiting filters, size: 0
2022-07-28 09:59:45.557 INFO  org.fisco.bcos.sdk.eventsub.EventSubscribeImp 173 resendWaitingFilters -- Resend waiting filters, size: 0
2022-07-28 09:59:45.558 INFO  org.fisco.bcos.sdk.eventsub.EventSubscribeImp 173 resendWaitingFilters -- Resend waiting filters, size: 0
2022-07-28 09:59:45.558 INFO  org.fisco.bcos.sdk.eventsub.EventSubscribeImp 173 resendWaitingFilters -- Resend waiting filters, size: 0
2022-07-28 09:59:45.573 INFO  org.fisco.bcos.sdk.eventsub.EventSubscribeImp 173 resendWaitingFilters -- Resend waiting filters, size: 0
2022-07-28 09:59:45.573 INFO  org.fisco.bcos.sdk.eventsub.EventSubscribeImp 173 resendWaitingFilters -- Resend waiting filters, size: 0
2022-07-28 09:59:45.573 INFO  org.fisco.bcos.sdk.eventsub.EventSubscribeImp 173 resendWaitingFilters -- Resend waiting filters, size: 0
2022-07-28 09:59:55.560 INFO  org.fisco.bcos.sdk.eventsub.EventSubscribeImp 173 resendWaitingFilters -- Resend waiting filters, size: 0
2022-07-28 09:59:55.560 INFO  org.fisco.bcos.sdk.eventsub.EventSubscribeImp 173 resendWaitingFilters -- Resend waiting filters, size: 0
2022-07-28 09:59:55.561 INFO  org.fisco.bcos.sdk.eventsub.EventSubscribeImp 173 resendWaitingFilters -- Resend waiting filters, size: 0
2022-07-28 09:59:55.561 INFO  org.fisco.bcos.sdk.eventsub.EventSubscribeImp 173 resendWaitingFilters -- Resend waiting filters, size: 0
2022-07-28 09:59:55.560 INFO  org.fisco.bcos.sdk.eventsub.EventSubscribeImp 173 resendWaitingFilters -- Resend waiting filters, size: 0
2022-07-28 09:59:55.560 INFO  org.fisco.bcos.sdk.eventsub.EventSubscribeImp 173 resendWaitingFilters -- Resend waiting filters, size: 0
2022-07-28 09:59:55.561 INFO  org.fisco.bcos.sdk.eventsub.EventSubscribeImp 173 resendWaitingFilters -- Resend waiting filters, size: 0
2022-07-28 09:59:55.562 INFO  org.fisco.bcos.sdk.eventsub.EventSubscribeImp 173 resendWaitingFilters -- Resend waiting filters, size: 0
2022-07-28 09:59:55.575 INFO  org.fisco.bcos.sdk.eventsub.EventSubscribeImp 173 resendWaitingFilters -- Resend waiting filters, size: 0
2022-07-28 09:59:55.575 INFO  org.fisco.bcos.sdk.eventsub.EventSubscribeImp 173 resendWaitingFilters -- Resend waiting filters, size: 0
2022-07-28 10:00:05.551 INFO  org.fisco.bcos.sdk.eventsub.EventSubscribeImp 173 resendWaitingFilters -- Resend waiting filters, size: 0
2022-07-28 10:00:05.551 INFO  org.fisco.bcos.sdk.eventsub.EventSubscribeImp 173 resendWaitingFilters -- Resend waiting filters, size: 0
2022-07-28 10:00:05.551 INFO  org.fisco.bcos.sdk.eventsub.EventSubscribeImp 173 resendWaitingFilters -- Resend waiting filters, size: 0
2022-07-28 10:00:05.553 INFO  org.fisco.bcos.sdk.eventsub.EventSubscribeImp 173 resendWaitingFilters -- Resend waiting filters, size: 0
2022-07-28 10:00:05.567 INFO  org.fisco.bcos.sdk.eventsub.EventSubscribeImp 173 resendWaitingFilters -- Resend waiting filters, size: 0
2022-07-28 10:00:05.567 INFO  org.fisco.bcos.sdk.eventsub.EventSubscribeImp 173 resendWaitingFilters -- Resend waiting filters, size: 0
2022-07-28 10:00:05.567 INFO  org.fisco.bcos.sdk.eventsub.EventSubscribeImp 173 resendWaitingFilters -- Resend waiting filters, size: 0
2022-07-28 10:00:05.568 INFO  org.fisco.bcos.sdk.eventsub.EventSubscribeImp 173 resendWaitingFilters -- Resend waiting filters, size: 0
2022-07-28 10:00:05.567 INFO  org.fisco.bcos.sdk.eventsub.EventSubscribeImp 173 resendWaitingFilters -- Resend waiting filters, size: 0
2022-07-28 10:00:05.567 INFO  org.fisco.bcos.sdk.eventsub.EventSubscribeImp 173 resendWaitingFilters -- Resend waiting filters, size: 0
2022-07-28 10:00:15.556 INFO  org.fisco.bcos.sdk.eventsub.EventSubscribeImp 173 resendWaitingFilters -- Resend waiting filters, size: 0
2022-07-28 10:00:15.557 INFO  org.fisco.bcos.sdk.eventsub.EventSubscribeImp 173 resendWaitingFilters -- Resend waiting filters, size: 0
2022-07-28 10:00:15.557 INFO  org.fisco.bcos.sdk.eventsub.EventSubscribeImp 173 resendWaitingFilters -- Resend waiting filters, size: 0
2022-07-28 10:00:15.556 INFO  org.fisco.bcos.sdk.eventsub.EventSubscribeImp 173 resendWaitingFilters -- Resend waiting filters, size: 0
2022-07-28 10:00:15.558 INFO  org.fisco.bcos.sdk.eventsub.EventSubscribeImp 173 resendWaitingFilters -- Resend waiting filters, size: 0
2022-07-28 10:00:15.558 INFO  org.fisco.bcos.sdk.eventsub.EventSubscribeImp 173 resendWaitingFilters -- Resend waiting filters, size: 0
2022-07-28 10:00:15.558 INFO  org.fisco.bcos.sdk.eventsub.EventSubscribeImp 173 resendWaitingFilters -- Resend waiting filters, size: 0
2022-07-28 10:00:15.572 INFO  org.fisco.bcos.sdk.eventsub.EventSubscribeImp 173 resendWaitingFilters -- Resend waiting filters, size: 0
2022-07-28 10:00:15.572 INFO  org.fisco.bcos.sdk.eventsub.EventSubscribeImp 173 resendWaitingFilters -- Resend waiting filters, size: 0
2022-07-28 10:00:15.572 INFO  org.fisco.bcos.sdk.eventsub.EventSubscribeImp 173 resendWaitingFilters -- Resend waiting filters, size: 0
2022-07-28 10:00:25.561 INFO  org.fisco.bcos.sdk.eventsub.EventSubscribeImp 173 resendWaitingFilters -- Resend waiting filters, size: 0
2022-07-28 10:00:25.561 INFO  org.fisco.bcos.sdk.eventsub.EventSubscribeImp 173 resendWaitingFilters -- Resend waiting filters, size: 0
2022-07-28 10:00:25.562 INFO  org.fisco.bcos.sdk.eventsub.EventSubscribeImp 173 resendWaitingFilters -- Resend waiting filters, size: 0
2022-07-28 10:00:25.563 INFO  org.fisco.bcos.sdk.eventsub.EventSubscribeImp 173 resendWaitingFilters -- Resend waiting filters, size: 0
2022-07-28 10:00:25.561 INFO  org.fisco.bcos.sdk.eventsub.EventSubscribeImp 173 resendWaitingFilters -- Resend waiting filters, size: 0
2022-07-28 10:00:25.561 INFO  org.fisco.bcos.sdk.eventsub.EventSubscribeImp 173 resendWaitingFilters -- Resend waiting filters, size: 0
2022-07-28 10:00:25.563 INFO  org.fisco.bcos.sdk.eventsub.EventSubscribeImp 173 resendWaitingFilters -- Resend waiting filters, size: 0
2022-07-28 10:00:25.563 INFO  org.fisco.bcos.sdk.eventsub.EventSubscribeImp 173 resendWaitingFilters -- Resend waiting filters, size: 0
2022-07-28 10:00:25.563 INFO  org.fisco.bcos.sdk.eventsub.EventSubscribeImp 173 resendWaitingFilters -- Resend waiting filters, size: 0
2022-07-28 10:00:25.577 INFO  org.fisco.bcos.sdk.eventsub.EventSubscribeImp 173 resendWaitingFilters -- Resend waiting filters, size: 0
2022-07-28 10:00:35.549 INFO  org.fisco.bcos.sdk.eventsub.EventSubscribeImp 173 resendWaitingFilters -- Resend waiting filters, size: 0
2022-07-28 10:00:35.549 INFO  org.fisco.bcos.sdk.eventsub.EventSubscribeImp 173 resendWaitingFilters -- Resend waiting filters, size: 0
2022-07-28 10:00:35.564 INFO  org.fisco.bcos.sdk.eventsub.EventSubscribeImp 173 resendWaitingFilters -- Resend waiting filters, size: 0
2022-07-28 10:00:35.565 INFO  org.fisco.bcos.sdk.eventsub.EventSubscribeImp 173 resendWaitingFilters -- Resend waiting filters, size: 0
2022-07-28 10:00:35.565 INFO  org.fisco.bcos.sdk.eventsub.EventSubscribeImp 173 resendWaitingFilters -- Resend waiting filters, size: 0
2022-07-28 10:00:35.565 INFO  org.fisco.bcos.sdk.eventsub.EventSubscribeImp 173 resendWaitingFilters -- Resend waiting filters, size: 0
2022-07-28 10:00:35.565 INFO  org.fisco.bcos.sdk.eventsub.EventSubscribeImp 173 resendWaitingFilters -- Resend waiting filters, size: 0
2022-07-28 10:00:35.565 INFO  org.fisco.bcos.sdk.eventsub.EventSubscribeImp 173 resendWaitingFilters -- Resend waiting filters, size: 0
2022-07-28 10:00:35.565 INFO  org.fisco.bcos.sdk.eventsub.EventSubscribeImp 173 resendWaitingFilters -- Resend waiting filters, size: 0
2022-07-28 10:00:35.565 INFO  org.fisco.bcos.sdk.eventsub.EventSubscribeImp 173 resendWaitingFilters -- Resend waiting filters, size: 0
2022-07-28 10:00:45.552 INFO  org.fisco.bcos.sdk.eventsub.EventSubscribeImp 173 resendWaitingFilters -- Resend waiting filters, size: 0
2022-07-28 10:00:45.552 INFO  org.fisco.bcos.sdk.eventsub.EventSubscribeImp 173 resendWaitingFilters -- Resend waiting filters, size: 0
2022-07-28 10:00:45.552 INFO  org.fisco.bcos.sdk.eventsub.EventSubscribeImp 173 resendWaitingFilters -- Resend waiting filters, size: 0
2022-07-28 10:00:45.552 INFO  org.fisco.bcos.sdk.eventsub.EventSubscribeImp 173 resendWaitingFilters -- Resend waiting filters, size: 0
2022-07-28 10:00:45.552 INFO  org.fisco.bcos.sdk.eventsub.EventSubscribeImp 173 resendWaitingFilters -- Resend waiting filters, size: 0
2022-07-28 10:00:45.568 INFO  org.fisco.bcos.sdk.eventsub.EventSubscribeImp 173 resendWaitingFilters -- Resend waiting filters, size: 0
2022-07-28 10:00:45.568 INFO  org.fisco.bcos.sdk.eventsub.EventSubscribeImp 173 resendWaitingFilters -- Resend waiting filters, size: 0
2022-07-28 10:00:45.568 INFO  org.fisco.bcos.sdk.eventsub.EventSubscribeImp 173 resendWaitingFilters -- Resend waiting filters, size: 0
2022-07-28 10:00:45.568 INFO  org.fisco.bcos.sdk.eventsub.EventSubscribeImp 173 resendWaitingFilters -- Resend waiting filters, size: 0
2022-07-28 10:00:45.568 INFO  org.fisco.bcos.sdk.eventsub.EventSubscribeImp 173 resendWaitingFilters -- Resend waiting filters, size: 0
2022-07-28 10:00:47.455 INFO  org.fisco.bcos.sdk.abi.wrapper.ContractABIDefinition 86 addFunction --  name: supportsInterface, methodId: 0x01ffc9a7, methodSignature: supportsInterface(bytes4), abi: org.fisco.bcos.sdk.abi.wrapper.ABIDefinition@b486bbc
2022-07-28 10:00:47.456 INFO  org.fisco.bcos.sdk.abi.wrapper.ABIDefinitionFactory 64 loadABI --  abiDefinition: org.fisco.bcos.sdk.abi.wrapper.ABIDefinition@b486bbc
2022-07-28 10:00:47.456 INFO  org.fisco.bcos.sdk.abi.wrapper.ContractABIDefinition 86 addFunction --  name: name, methodId: 0x06fdde03, methodSignature: name(), abi: org.fisco.bcos.sdk.abi.wrapper.ABIDefinition@ed31b70b
2022-07-28 10:00:47.456 INFO  org.fisco.bcos.sdk.abi.wrapper.ABIDefinitionFactory 64 loadABI --  abiDefinition: org.fisco.bcos.sdk.abi.wrapper.ABIDefinition@ed31b70b
2022-07-28 10:00:47.456 INFO  org.fisco.bcos.sdk.abi.wrapper.ContractABIDefinition 86 addFunction --  name: getApproved, methodId: 0x081812fc, methodSignature: getApproved(uint256), abi: org.fisco.bcos.sdk.abi.wrapper.ABIDefinition@3814553a
2022-07-28 10:00:47.456 INFO  org.fisco.bcos.sdk.abi.wrapper.ABIDefinitionFactory 64 loadABI --  abiDefinition: org.fisco.bcos.sdk.abi.wrapper.ABIDefinition@3814553a
2022-07-28 10:00:47.456 INFO  org.fisco.bcos.sdk.abi.wrapper.ContractABIDefinition 86 addFunction --  name: approve, methodId: 0x095ea7b3, methodSignature: approve(address,uint256), abi: org.fisco.bcos.sdk.abi.wrapper.ABIDefinition@ff3cf6cc
2022-07-28 10:00:47.456 INFO  org.fisco.bcos.sdk.abi.wrapper.ABIDefinitionFactory 64 loadABI --  abiDefinition: org.fisco.bcos.sdk.abi.wrapper.ABIDefinition@ff3cf6cc
2022-07-28 10:00:47.456 INFO  org.fisco.bcos.sdk.abi.wrapper.ContractABIDefinition 86 addFunction --  name: totalSupply, methodId: 0x18160ddd, methodSignature: totalSupply(), abi: org.fisco.bcos.sdk.abi.wrapper.ABIDefinition@f77e0a2b
2022-07-28 10:00:47.456 INFO  org.fisco.bcos.sdk.abi.wrapper.ABIDefinitionFactory 64 loadABI --  abiDefinition: org.fisco.bcos.sdk.abi.wrapper.ABIDefinition@f77e0a2b
2022-07-28 10:00:47.456 INFO  org.fisco.bcos.sdk.abi.wrapper.ContractABIDefinition 86 addFunction --  name: transferFrom, methodId: 0x23b872dd, methodSignature: transferFrom(address,address,uint256), abi: org.fisco.bcos.sdk.abi.wrapper.ABIDefinition@b00bab9f
2022-07-28 10:00:47.456 INFO  org.fisco.bcos.sdk.abi.wrapper.ABIDefinitionFactory 64 loadABI --  abiDefinition: org.fisco.bcos.sdk.abi.wrapper.ABIDefinition@b00bab9f
2022-07-28 10:00:47.456 INFO  org.fisco.bcos.sdk.abi.wrapper.ContractABIDefinition 86 addFunction --  name: tokenOfOwnerByIndex, methodId: 0x2f745c59, methodSignature: tokenOfOwnerByIndex(address,uint256), abi: org.fisco.bcos.sdk.abi.wrapper.ABIDefinition@b0f2b5ea
2022-07-28 10:00:47.456 INFO  org.fisco.bcos.sdk.abi.wrapper.ABIDefinitionFactory 64 loadABI --  abiDefinition: org.fisco.bcos.sdk.abi.wrapper.ABIDefinition@b0f2b5ea
2022-07-28 10:00:47.456 INFO  org.fisco.bcos.sdk.abi.wrapper.ContractABIDefinition 86 addFunction --  name: safeTransferFrom, methodId: 0x42842e0e, methodSignature: safeTransferFrom(address,address,uint256), abi: org.fisco.bcos.sdk.abi.wrapper.ABIDefinition@9e36f54c
2022-07-28 10:00:47.456 INFO  org.fisco.bcos.sdk.abi.wrapper.ABIDefinitionFactory 64 loadABI --  abiDefinition: org.fisco.bcos.sdk.abi.wrapper.ABIDefinition@9e36f54c
2022-07-28 10:00:47.456 INFO  org.fisco.bcos.sdk.abi.wrapper.ContractABIDefinition 86 addFunction --  name: tokenByIndex, methodId: 0x4f6ccce7, methodSignature: tokenByIndex(uint256), abi: org.fisco.bcos.sdk.abi.wrapper.ABIDefinition@6a753948
2022-07-28 10:00:47.456 INFO  org.fisco.bcos.sdk.abi.wrapper.ABIDefinitionFactory 64 loadABI --  abiDefinition: org.fisco.bcos.sdk.abi.wrapper.ABIDefinition@6a753948
2022-07-28 10:00:47.456 INFO  org.fisco.bcos.sdk.abi.wrapper.ContractABIDefinition 86 addFunction --  name: mintWithTokenURI, methodId: 0x50bb4e7f, methodSignature: mintWithTokenURI(address,uint256,string), abi: org.fisco.bcos.sdk.abi.wrapper.ABIDefinition@8d15a6f4
2022-07-28 10:00:47.457 INFO  org.fisco.bcos.sdk.abi.wrapper.ABIDefinitionFactory 64 loadABI --  abiDefinition: org.fisco.bcos.sdk.abi.wrapper.ABIDefinition@8d15a6f4
2022-07-28 10:00:47.457 INFO  org.fisco.bcos.sdk.abi.wrapper.ContractABIDefinition 86 addFunction --  name: ownerOf, methodId: 0x6352211e, methodSignature: ownerOf(uint256), abi: org.fisco.bcos.sdk.abi.wrapper.ABIDefinition@ad0aa677
2022-07-28 10:00:47.457 INFO  org.fisco.bcos.sdk.abi.wrapper.ABIDefinitionFactory 64 loadABI --  abiDefinition: org.fisco.bcos.sdk.abi.wrapper.ABIDefinition@ad0aa677
2022-07-28 10:00:47.457 INFO  org.fisco.bcos.sdk.abi.wrapper.ContractABIDefinition 86 addFunction --  name: balanceOf, methodId: 0x70a08231, methodSignature: balanceOf(address), abi: org.fisco.bcos.sdk.abi.wrapper.ABIDefinition@f614655f
2022-07-28 10:00:47.457 INFO  org.fisco.bcos.sdk.abi.wrapper.ABIDefinitionFactory 64 loadABI --  abiDefinition: org.fisco.bcos.sdk.abi.wrapper.ABIDefinition@f614655f
2022-07-28 10:00:47.457 INFO  org.fisco.bcos.sdk.abi.wrapper.ContractABIDefinition 86 addFunction --  name: symbol, methodId: 0x95d89b41, methodSignature: symbol(), abi: org.fisco.bcos.sdk.abi.wrapper.ABIDefinition@8f596398
2022-07-28 10:00:47.457 INFO  org.fisco.bcos.sdk.abi.wrapper.ABIDefinitionFactory 64 loadABI --  abiDefinition: org.fisco.bcos.sdk.abi.wrapper.ABIDefinition@8f596398
2022-07-28 10:00:47.457 INFO  org.fisco.bcos.sdk.abi.wrapper.ContractABIDefinition 86 addFunction --  name: addMinter, methodId: 0x983b2d56, methodSignature: addMinter(address), abi: org.fisco.bcos.sdk.abi.wrapper.ABIDefinition@7af63629
2022-07-28 10:00:47.458 INFO  org.fisco.bcos.sdk.abi.wrapper.ABIDefinitionFactory 64 loadABI --  abiDefinition: org.fisco.bcos.sdk.abi.wrapper.ABIDefinition@7af63629
2022-07-28 10:00:47.458 INFO  org.fisco.bcos.sdk.abi.wrapper.ContractABIDefinition 86 addFunction --  name: renounceMinter, methodId: 0x98650275, methodSignature: renounceMinter(), abi: org.fisco.bcos.sdk.abi.wrapper.ABIDefinition@f84999c9
2022-07-28 10:00:47.458 INFO  org.fisco.bcos.sdk.abi.wrapper.ABIDefinitionFactory 64 loadABI --  abiDefinition: org.fisco.bcos.sdk.abi.wrapper.ABIDefinition@f84999c9
2022-07-28 10:00:47.458 INFO  org.fisco.bcos.sdk.abi.wrapper.ContractABIDefinition 86 addFunction --  name: setApprovalForAll, methodId: 0xa22cb465, methodSignature: setApprovalForAll(address,bool), abi: org.fisco.bcos.sdk.abi.wrapper.ABIDefinition@1e9d442e
2022-07-28 10:00:47.458 INFO  org.fisco.bcos.sdk.abi.wrapper.ABIDefinitionFactory 64 loadABI --  abiDefinition: org.fisco.bcos.sdk.abi.wrapper.ABIDefinition@1e9d442e
2022-07-28 10:00:47.458 INFO  org.fisco.bcos.sdk.abi.wrapper.ContractABIDefinition 86 addFunction --  name: isMinter, methodId: 0xaa271e1a, methodSignature: isMinter(address), abi: org.fisco.bcos.sdk.abi.wrapper.ABIDefinition@9c3510ce
2022-07-28 10:00:47.458 INFO  org.fisco.bcos.sdk.abi.wrapper.ABIDefinitionFactory 64 loadABI --  abiDefinition: org.fisco.bcos.sdk.abi.wrapper.ABIDefinition@9c3510ce
2022-07-28 10:00:47.458 INFO  org.fisco.bcos.sdk.abi.wrapper.ContractABIDefinition 78 addFunction --  overload method ??? name: safeTransferFrom, abiDefinition: org.fisco.bcos.sdk.abi.wrapper.ABIDefinition@ebc7a661
2022-07-28 10:00:47.459 INFO  org.fisco.bcos.sdk.abi.wrapper.ContractABIDefinition 86 addFunction --  name: safeTransferFrom, methodId: 0xb88d4fde, methodSignature: safeTransferFrom(address,address,uint256,bytes), abi: org.fisco.bcos.sdk.abi.wrapper.ABIDefinition@ebc7a661
2022-07-28 10:00:47.459 INFO  org.fisco.bcos.sdk.abi.wrapper.ABIDefinitionFactory 64 loadABI --  abiDefinition: org.fisco.bcos.sdk.abi.wrapper.ABIDefinition@ebc7a661
2022-07-28 10:00:47.459 INFO  org.fisco.bcos.sdk.abi.wrapper.ContractABIDefinition 86 addFunction --  name: tokenURI, methodId: 0xc87b56dd, methodSignature: tokenURI(uint256), abi: org.fisco.bcos.sdk.abi.wrapper.ABIDefinition@c24564c3
2022-07-28 10:00:47.459 INFO  org.fisco.bcos.sdk.abi.wrapper.ABIDefinitionFactory 64 loadABI --  abiDefinition: org.fisco.bcos.sdk.abi.wrapper.ABIDefinition@c24564c3
2022-07-28 10:00:47.459 INFO  org.fisco.bcos.sdk.abi.wrapper.ContractABIDefinition 86 addFunction --  name: isApprovedForAll, methodId: 0xe985e9c5, methodSignature: isApprovedForAll(address,address), abi: org.fisco.bcos.sdk.abi.wrapper.ABIDefinition@ff19af31
2022-07-28 10:00:47.459 INFO  org.fisco.bcos.sdk.abi.wrapper.ABIDefinitionFactory 64 loadABI --  abiDefinition: org.fisco.bcos.sdk.abi.wrapper.ABIDefinition@ff19af31
2022-07-28 10:00:47.459 INFO  org.fisco.bcos.sdk.abi.wrapper.ABIDefinitionFactory 64 loadABI --  abiDefinition: org.fisco.bcos.sdk.abi.wrapper.ABIDefinition@4ec4c50d
2022-07-28 10:00:47.459 INFO  org.fisco.bcos.sdk.abi.wrapper.ContractABIDefinition 98 addEvent --  name: MinterAdded, abi: org.fisco.bcos.sdk.abi.wrapper.ABIDefinition@d7c4bad1
2022-07-28 10:00:47.459 INFO  org.fisco.bcos.sdk.abi.wrapper.ABIDefinitionFactory 64 loadABI --  abiDefinition: org.fisco.bcos.sdk.abi.wrapper.ABIDefinition@d7c4bad1
2022-07-28 10:00:47.459 INFO  org.fisco.bcos.sdk.abi.wrapper.ContractABIDefinition 98 addEvent --  name: MinterRemoved, abi: org.fisco.bcos.sdk.abi.wrapper.ABIDefinition@ad6e81f1
2022-07-28 10:00:47.459 INFO  org.fisco.bcos.sdk.abi.wrapper.ABIDefinitionFactory 64 loadABI --  abiDefinition: org.fisco.bcos.sdk.abi.wrapper.ABIDefinition@ad6e81f1
2022-07-28 10:00:47.459 INFO  org.fisco.bcos.sdk.abi.wrapper.ContractABIDefinition 98 addEvent --  name: Transfer, abi: org.fisco.bcos.sdk.abi.wrapper.ABIDefinition@dc3e2b5c
2022-07-28 10:00:47.459 INFO  org.fisco.bcos.sdk.abi.wrapper.ABIDefinitionFactory 64 loadABI --  abiDefinition: org.fisco.bcos.sdk.abi.wrapper.ABIDefinition@dc3e2b5c
2022-07-28 10:00:47.459 INFO  org.fisco.bcos.sdk.abi.wrapper.ContractABIDefinition 98 addEvent --  name: Approval, abi: org.fisco.bcos.sdk.abi.wrapper.ABIDefinition@23c87cc1
2022-07-28 10:00:47.459 INFO  org.fisco.bcos.sdk.abi.wrapper.ABIDefinitionFactory 64 loadABI --  abiDefinition: org.fisco.bcos.sdk.abi.wrapper.ABIDefinition@23c87cc1
2022-07-28 10:00:47.459 INFO  org.fisco.bcos.sdk.abi.wrapper.ContractABIDefinition 98 addEvent --  name: ApprovalForAll, abi: org.fisco.bcos.sdk.abi.wrapper.ABIDefinition@f5ccd264
2022-07-28 10:00:47.459 INFO  org.fisco.bcos.sdk.abi.wrapper.ABIDefinitionFactory 64 loadABI --  abiDefinition: org.fisco.bcos.sdk.abi.wrapper.ABIDefinition@f5ccd264
2022-07-28 10:00:47.459 INFO  org.fisco.bcos.sdk.abi.wrapper.ABIDefinitionFactory 71 loadABI --  contractABIDefinition org.fisco.bcos.sdk.abi.wrapper.ContractABIDefinition@d4602a 
2022-07-28 10:00:47.461 INFO  org.fisco.bcos.sdk.abi.wrapper.ABIObjectFactory 32 createObject --  name: null
2022-07-28 10:00:47.707 INFO  org.fisco.bcos.sdk.abi.wrapper.ContractABIDefinition 86 addFunction --  name: supportsInterface, methodId: 0x01ffc9a7, methodSignature: supportsInterface(bytes4), abi: org.fisco.bcos.sdk.abi.wrapper.ABIDefinition@b486bbc
2022-07-28 10:00:47.707 INFO  org.fisco.bcos.sdk.abi.wrapper.ABIDefinitionFactory 64 loadABI --  abiDefinition: org.fisco.bcos.sdk.abi.wrapper.ABIDefinition@b486bbc
2022-07-28 10:00:47.707 INFO  org.fisco.bcos.sdk.abi.wrapper.ContractABIDefinition 86 addFunction --  name: name, methodId: 0x06fdde03, methodSignature: name(), abi: org.fisco.bcos.sdk.abi.wrapper.ABIDefinition@ed31b70b
2022-07-28 10:00:47.707 INFO  org.fisco.bcos.sdk.abi.wrapper.ABIDefinitionFactory 64 loadABI --  abiDefinition: org.fisco.bcos.sdk.abi.wrapper.ABIDefinition@ed31b70b
2022-07-28 10:00:47.707 INFO  org.fisco.bcos.sdk.abi.wrapper.ContractABIDefinition 86 addFunction --  name: getApproved, methodId: 0x081812fc, methodSignature: getApproved(uint256), abi: org.fisco.bcos.sdk.abi.wrapper.ABIDefinition@3814553a
2022-07-28 10:00:47.707 INFO  org.fisco.bcos.sdk.abi.wrapper.ABIDefinitionFactory 64 loadABI --  abiDefinition: org.fisco.bcos.sdk.abi.wrapper.ABIDefinition@3814553a
2022-07-28 10:00:47.708 INFO  org.fisco.bcos.sdk.abi.wrapper.ContractABIDefinition 86 addFunction --  name: approve, methodId: 0x095ea7b3, methodSignature: approve(address,uint256), abi: org.fisco.bcos.sdk.abi.wrapper.ABIDefinition@ff3cf6cc
2022-07-28 10:00:47.708 INFO  org.fisco.bcos.sdk.abi.wrapper.ABIDefinitionFactory 64 loadABI --  abiDefinition: org.fisco.bcos.sdk.abi.wrapper.ABIDefinition@ff3cf6cc
2022-07-28 10:00:47.708 INFO  org.fisco.bcos.sdk.abi.wrapper.ContractABIDefinition 86 addFunction --  name: totalSupply, methodId: 0x18160ddd, methodSignature: totalSupply(), abi: org.fisco.bcos.sdk.abi.wrapper.ABIDefinition@f77e0a2b
2022-07-28 10:00:47.708 INFO  org.fisco.bcos.sdk.abi.wrapper.ABIDefinitionFactory 64 loadABI --  abiDefinition: org.fisco.bcos.sdk.abi.wrapper.ABIDefinition@f77e0a2b
2022-07-28 10:00:47.708 INFO  org.fisco.bcos.sdk.abi.wrapper.ContractABIDefinition 86 addFunction --  name: transferFrom, methodId: 0x23b872dd, methodSignature: transferFrom(address,address,uint256), abi: org.fisco.bcos.sdk.abi.wrapper.ABIDefinition@b00bab9f
2022-07-28 10:00:47.708 INFO  org.fisco.bcos.sdk.abi.wrapper.ABIDefinitionFactory 64 loadABI --  abiDefinition: org.fisco.bcos.sdk.abi.wrapper.ABIDefinition@b00bab9f
2022-07-28 10:00:47.708 INFO  org.fisco.bcos.sdk.abi.wrapper.ContractABIDefinition 86 addFunction --  name: tokenOfOwnerByIndex, methodId: 0x2f745c59, methodSignature: tokenOfOwnerByIndex(address,uint256), abi: org.fisco.bcos.sdk.abi.wrapper.ABIDefinition@b0f2b5ea
2022-07-28 10:00:47.708 INFO  org.fisco.bcos.sdk.abi.wrapper.ABIDefinitionFactory 64 loadABI --  abiDefinition: org.fisco.bcos.sdk.abi.wrapper.ABIDefinition@b0f2b5ea
2022-07-28 10:00:47.709 INFO  org.fisco.bcos.sdk.abi.wrapper.ContractABIDefinition 86 addFunction --  name: safeTransferFrom, methodId: 0x42842e0e, methodSignature: safeTransferFrom(address,address,uint256), abi: org.fisco.bcos.sdk.abi.wrapper.ABIDefinition@9e36f54c
2022-07-28 10:00:47.709 INFO  org.fisco.bcos.sdk.abi.wrapper.ABIDefinitionFactory 64 loadABI --  abiDefinition: org.fisco.bcos.sdk.abi.wrapper.ABIDefinition@9e36f54c
2022-07-28 10:00:47.709 INFO  org.fisco.bcos.sdk.abi.wrapper.ContractABIDefinition 86 addFunction --  name: tokenByIndex, methodId: 0x4f6ccce7, methodSignature: tokenByIndex(uint256), abi: org.fisco.bcos.sdk.abi.wrapper.ABIDefinition@6a753948
2022-07-28 10:00:47.709 INFO  org.fisco.bcos.sdk.abi.wrapper.ABIDefinitionFactory 64 loadABI --  abiDefinition: org.fisco.bcos.sdk.abi.wrapper.ABIDefinition@6a753948
2022-07-28 10:00:47.709 INFO  org.fisco.bcos.sdk.abi.wrapper.ContractABIDefinition 86 addFunction --  name: mintWithTokenURI, methodId: 0x50bb4e7f, methodSignature: mintWithTokenURI(address,uint256,string), abi: org.fisco.bcos.sdk.abi.wrapper.ABIDefinition@8d15a6f4
2022-07-28 10:00:47.709 INFO  org.fisco.bcos.sdk.abi.wrapper.ABIDefinitionFactory 64 loadABI --  abiDefinition: org.fisco.bcos.sdk.abi.wrapper.ABIDefinition@8d15a6f4
2022-07-28 10:00:47.709 INFO  org.fisco.bcos.sdk.abi.wrapper.ContractABIDefinition 86 addFunction --  name: ownerOf, methodId: 0x6352211e, methodSignature: ownerOf(uint256), abi: org.fisco.bcos.sdk.abi.wrapper.ABIDefinition@ad0aa677
2022-07-28 10:00:47.709 INFO  org.fisco.bcos.sdk.abi.wrapper.ABIDefinitionFactory 64 loadABI --  abiDefinition: org.fisco.bcos.sdk.abi.wrapper.ABIDefinition@ad0aa677
2022-07-28 10:00:47.709 INFO  org.fisco.bcos.sdk.abi.wrapper.ContractABIDefinition 86 addFunction --  name: balanceOf, methodId: 0x70a08231, methodSignature: balanceOf(address), abi: org.fisco.bcos.sdk.abi.wrapper.ABIDefinition@f614655f
2022-07-28 10:00:47.710 INFO  org.fisco.bcos.sdk.abi.wrapper.ABIDefinitionFactory 64 loadABI --  abiDefinition: org.fisco.bcos.sdk.abi.wrapper.ABIDefinition@f614655f
2022-07-28 10:00:47.710 INFO  org.fisco.bcos.sdk.abi.wrapper.ContractABIDefinition 86 addFunction --  name: symbol, methodId: 0x95d89b41, methodSignature: symbol(), abi: org.fisco.bcos.sdk.abi.wrapper.ABIDefinition@8f596398
2022-07-28 10:00:47.710 INFO  org.fisco.bcos.sdk.abi.wrapper.ABIDefinitionFactory 64 loadABI --  abiDefinition: org.fisco.bcos.sdk.abi.wrapper.ABIDefinition@8f596398
2022-07-28 10:00:47.710 INFO  org.fisco.bcos.sdk.abi.wrapper.ContractABIDefinition 86 addFunction --  name: addMinter, methodId: 0x983b2d56, methodSignature: addMinter(address), abi: org.fisco.bcos.sdk.abi.wrapper.ABIDefinition@7af63629
2022-07-28 10:00:47.710 INFO  org.fisco.bcos.sdk.abi.wrapper.ABIDefinitionFactory 64 loadABI --  abiDefinition: org.fisco.bcos.sdk.abi.wrapper.ABIDefinition@7af63629
2022-07-28 10:00:47.710 INFO  org.fisco.bcos.sdk.abi.wrapper.ContractABIDefinition 86 addFunction --  name: renounceMinter, methodId: 0x98650275, methodSignature: renounceMinter(), abi: org.fisco.bcos.sdk.abi.wrapper.ABIDefinition@f84999c9
2022-07-28 10:00:47.710 INFO  org.fisco.bcos.sdk.abi.wrapper.ABIDefinitionFactory 64 loadABI --  abiDefinition: org.fisco.bcos.sdk.abi.wrapper.ABIDefinition@f84999c9
2022-07-28 10:00:47.710 INFO  org.fisco.bcos.sdk.abi.wrapper.ContractABIDefinition 86 addFunction --  name: setApprovalForAll, methodId: 0xa22cb465, methodSignature: setApprovalForAll(address,bool), abi: org.fisco.bcos.sdk.abi.wrapper.ABIDefinition@1e9d442e
2022-07-28 10:00:47.710 INFO  org.fisco.bcos.sdk.abi.wrapper.ABIDefinitionFactory 64 loadABI --  abiDefinition: org.fisco.bcos.sdk.abi.wrapper.ABIDefinition@1e9d442e
2022-07-28 10:00:47.710 INFO  org.fisco.bcos.sdk.abi.wrapper.ContractABIDefinition 86 addFunction --  name: isMinter, methodId: 0xaa271e1a, methodSignature: isMinter(address), abi: org.fisco.bcos.sdk.abi.wrapper.ABIDefinition@9c3510ce
2022-07-28 10:00:47.710 INFO  org.fisco.bcos.sdk.abi.wrapper.ABIDefinitionFactory 64 loadABI --  abiDefinition: org.fisco.bcos.sdk.abi.wrapper.ABIDefinition@9c3510ce
2022-07-28 10:00:47.711 INFO  org.fisco.bcos.sdk.abi.wrapper.ContractABIDefinition 78 addFunction --  overload method ??? name: safeTransferFrom, abiDefinition: org.fisco.bcos.sdk.abi.wrapper.ABIDefinition@ebc7a661
2022-07-28 10:00:47.711 INFO  org.fisco.bcos.sdk.abi.wrapper.ContractABIDefinition 86 addFunction --  name: safeTransferFrom, methodId: 0xb88d4fde, methodSignature: safeTransferFrom(address,address,uint256,bytes), abi: org.fisco.bcos.sdk.abi.wrapper.ABIDefinition@ebc7a661
2022-07-28 10:00:47.711 INFO  org.fisco.bcos.sdk.abi.wrapper.ABIDefinitionFactory 64 loadABI --  abiDefinition: org.fisco.bcos.sdk.abi.wrapper.ABIDefinition@ebc7a661
2022-07-28 10:00:47.711 INFO  org.fisco.bcos.sdk.abi.wrapper.ContractABIDefinition 86 addFunction --  name: tokenURI, methodId: 0xc87b56dd, methodSignature: tokenURI(uint256), abi: org.fisco.bcos.sdk.abi.wrapper.ABIDefinition@c24564c3
2022-07-28 10:00:47.711 INFO  org.fisco.bcos.sdk.abi.wrapper.ABIDefinitionFactory 64 loadABI --  abiDefinition: org.fisco.bcos.sdk.abi.wrapper.ABIDefinition@c24564c3
2022-07-28 10:00:47.711 INFO  org.fisco.bcos.sdk.abi.wrapper.ContractABIDefinition 86 addFunction --  name: isApprovedForAll, methodId: 0xe985e9c5, methodSignature: isApprovedForAll(address,address), abi: org.fisco.bcos.sdk.abi.wrapper.ABIDefinition@ff19af31
2022-07-28 10:00:47.711 INFO  org.fisco.bcos.sdk.abi.wrapper.ABIDefinitionFactory 64 loadABI --  abiDefinition: org.fisco.bcos.sdk.abi.wrapper.ABIDefinition@ff19af31
2022-07-28 10:00:47.711 INFO  org.fisco.bcos.sdk.abi.wrapper.ABIDefinitionFactory 64 loadABI --  abiDefinition: org.fisco.bcos.sdk.abi.wrapper.ABIDefinition@4ec4c50d
2022-07-28 10:00:47.711 INFO  org.fisco.bcos.sdk.abi.wrapper.ContractABIDefinition 98 addEvent --  name: MinterAdded, abi: org.fisco.bcos.sdk.abi.wrapper.ABIDefinition@d7c4bad1
2022-07-28 10:00:47.711 INFO  org.fisco.bcos.sdk.abi.wrapper.ABIDefinitionFactory 64 loadABI --  abiDefinition: org.fisco.bcos.sdk.abi.wrapper.ABIDefinition@d7c4bad1
2022-07-28 10:00:47.711 INFO  org.fisco.bcos.sdk.abi.wrapper.ContractABIDefinition 98 addEvent --  name: MinterRemoved, abi: org.fisco.bcos.sdk.abi.wrapper.ABIDefinition@ad6e81f1
2022-07-28 10:00:47.711 INFO  org.fisco.bcos.sdk.abi.wrapper.ABIDefinitionFactory 64 loadABI --  abiDefinition: org.fisco.bcos.sdk.abi.wrapper.ABIDefinition@ad6e81f1
2022-07-28 10:00:47.711 INFO  org.fisco.bcos.sdk.abi.wrapper.ContractABIDefinition 98 addEvent --  name: Transfer, abi: org.fisco.bcos.sdk.abi.wrapper.ABIDefinition@dc3e2b5c
2022-07-28 10:00:47.712 INFO  org.fisco.bcos.sdk.abi.wrapper.ABIDefinitionFactory 64 loadABI --  abiDefinition: org.fisco.bcos.sdk.abi.wrapper.ABIDefinition@dc3e2b5c
2022-07-28 10:00:47.712 INFO  org.fisco.bcos.sdk.abi.wrapper.ContractABIDefinition 98 addEvent --  name: Approval, abi: org.fisco.bcos.sdk.abi.wrapper.ABIDefinition@23c87cc1
2022-07-28 10:00:47.712 INFO  org.fisco.bcos.sdk.abi.wrapper.ABIDefinitionFactory 64 loadABI --  abiDefinition: org.fisco.bcos.sdk.abi.wrapper.ABIDefinition@23c87cc1
2022-07-28 10:00:47.712 INFO  org.fisco.bcos.sdk.abi.wrapper.ContractABIDefinition 98 addEvent --  name: ApprovalForAll, abi: org.fisco.bcos.sdk.abi.wrapper.ABIDefinition@f5ccd264
2022-07-28 10:00:47.712 INFO  org.fisco.bcos.sdk.abi.wrapper.ABIDefinitionFactory 64 loadABI --  abiDefinition: org.fisco.bcos.sdk.abi.wrapper.ABIDefinition@f5ccd264
2022-07-28 10:00:47.712 INFO  org.fisco.bcos.sdk.abi.wrapper.ABIDefinitionFactory 71 loadABI --  contractABIDefinition org.fisco.bcos.sdk.abi.wrapper.ContractABIDefinition@7de4a01f 
2022-07-28 10:00:47.718 INFO  org.fisco.bcos.sdk.abi.wrapper.ContractABIDefinition 86 addFunction --  name: supportsInterface, methodId: 0x01ffc9a7, methodSignature: supportsInterface(bytes4), abi: org.fisco.bcos.sdk.abi.wrapper.ABIDefinition@b486bbc
2022-07-28 10:00:47.718 INFO  org.fisco.bcos.sdk.abi.wrapper.ABIDefinitionFactory 64 loadABI --  abiDefinition: org.fisco.bcos.sdk.abi.wrapper.ABIDefinition@b486bbc
2022-07-28 10:00:47.719 INFO  org.fisco.bcos.sdk.abi.wrapper.ContractABIDefinition 86 addFunction --  name: name, methodId: 0x06fdde03, methodSignature: name(), abi: org.fisco.bcos.sdk.abi.wrapper.ABIDefinition@ed31b70b
2022-07-28 10:00:47.719 INFO  org.fisco.bcos.sdk.abi.wrapper.ABIDefinitionFactory 64 loadABI --  abiDefinition: org.fisco.bcos.sdk.abi.wrapper.ABIDefinition@ed31b70b
2022-07-28 10:00:47.719 INFO  org.fisco.bcos.sdk.abi.wrapper.ContractABIDefinition 86 addFunction --  name: getApproved, methodId: 0x081812fc, methodSignature: getApproved(uint256), abi: org.fisco.bcos.sdk.abi.wrapper.ABIDefinition@3814553a
2022-07-28 10:00:47.719 INFO  org.fisco.bcos.sdk.abi.wrapper.ABIDefinitionFactory 64 loadABI --  abiDefinition: org.fisco.bcos.sdk.abi.wrapper.ABIDefinition@3814553a
2022-07-28 10:00:47.719 INFO  org.fisco.bcos.sdk.abi.wrapper.ContractABIDefinition 86 addFunction --  name: approve, methodId: 0x095ea7b3, methodSignature: approve(address,uint256), abi: org.fisco.bcos.sdk.abi.wrapper.ABIDefinition@ff3cf6cc
2022-07-28 10:00:47.719 INFO  org.fisco.bcos.sdk.abi.wrapper.ABIDefinitionFactory 64 loadABI --  abiDefinition: org.fisco.bcos.sdk.abi.wrapper.ABIDefinition@ff3cf6cc
2022-07-28 10:00:47.719 INFO  org.fisco.bcos.sdk.abi.wrapper.ContractABIDefinition 86 addFunction --  name: totalSupply, methodId: 0x18160ddd, methodSignature: totalSupply(), abi: org.fisco.bcos.sdk.abi.wrapper.ABIDefinition@f77e0a2b
2022-07-28 10:00:47.719 INFO  org.fisco.bcos.sdk.abi.wrapper.ABIDefinitionFactory 64 loadABI --  abiDefinition: org.fisco.bcos.sdk.abi.wrapper.ABIDefinition@f77e0a2b
2022-07-28 10:00:47.719 INFO  org.fisco.bcos.sdk.abi.wrapper.ContractABIDefinition 86 addFunction --  name: transferFrom, methodId: 0x23b872dd, methodSignature: transferFrom(address,address,uint256), abi: org.fisco.bcos.sdk.abi.wrapper.ABIDefinition@b00bab9f
2022-07-28 10:00:47.719 INFO  org.fisco.bcos.sdk.abi.wrapper.ABIDefinitionFactory 64 loadABI --  abiDefinition: org.fisco.bcos.sdk.abi.wrapper.ABIDefinition@b00bab9f
2022-07-28 10:00:47.720 INFO  org.fisco.bcos.sdk.abi.wrapper.ContractABIDefinition 86 addFunction --  name: tokenOfOwnerByIndex, methodId: 0x2f745c59, methodSignature: tokenOfOwnerByIndex(address,uint256), abi: org.fisco.bcos.sdk.abi.wrapper.ABIDefinition@b0f2b5ea
2022-07-28 10:00:47.720 INFO  org.fisco.bcos.sdk.abi.wrapper.ABIDefinitionFactory 64 loadABI --  abiDefinition: org.fisco.bcos.sdk.abi.wrapper.ABIDefinition@b0f2b5ea
2022-07-28 10:00:47.720 INFO  org.fisco.bcos.sdk.abi.wrapper.ContractABIDefinition 86 addFunction --  name: safeTransferFrom, methodId: 0x42842e0e, methodSignature: safeTransferFrom(address,address,uint256), abi: org.fisco.bcos.sdk.abi.wrapper.ABIDefinition@9e36f54c
2022-07-28 10:00:47.720 INFO  org.fisco.bcos.sdk.abi.wrapper.ABIDefinitionFactory 64 loadABI --  abiDefinition: org.fisco.bcos.sdk.abi.wrapper.ABIDefinition@9e36f54c
2022-07-28 10:00:47.720 INFO  org.fisco.bcos.sdk.abi.wrapper.ContractABIDefinition 86 addFunction --  name: tokenByIndex, methodId: 0x4f6ccce7, methodSignature: tokenByIndex(uint256), abi: org.fisco.bcos.sdk.abi.wrapper.ABIDefinition@6a753948
2022-07-28 10:00:47.720 INFO  org.fisco.bcos.sdk.abi.wrapper.ABIDefinitionFactory 64 loadABI --  abiDefinition: org.fisco.bcos.sdk.abi.wrapper.ABIDefinition@6a753948
2022-07-28 10:00:47.720 INFO  org.fisco.bcos.sdk.abi.wrapper.ContractABIDefinition 86 addFunction --  name: mintWithTokenURI, methodId: 0x50bb4e7f, methodSignature: mintWithTokenURI(address,uint256,string), abi: org.fisco.bcos.sdk.abi.wrapper.ABIDefinition@8d15a6f4
2022-07-28 10:00:47.720 INFO  org.fisco.bcos.sdk.abi.wrapper.ABIDefinitionFactory 64 loadABI --  abiDefinition: org.fisco.bcos.sdk.abi.wrapper.ABIDefinition@8d15a6f4
2022-07-28 10:00:47.720 INFO  org.fisco.bcos.sdk.abi.wrapper.ContractABIDefinition 86 addFunction --  name: ownerOf, methodId: 0x6352211e, methodSignature: ownerOf(uint256), abi: org.fisco.bcos.sdk.abi.wrapper.ABIDefinition@ad0aa677
2022-07-28 10:00:47.720 INFO  org.fisco.bcos.sdk.abi.wrapper.ABIDefinitionFactory 64 loadABI --  abiDefinition: org.fisco.bcos.sdk.abi.wrapper.ABIDefinition@ad0aa677
2022-07-28 10:00:47.720 INFO  org.fisco.bcos.sdk.abi.wrapper.ContractABIDefinition 86 addFunction --  name: balanceOf, methodId: 0x70a08231, methodSignature: balanceOf(address), abi: org.fisco.bcos.sdk.abi.wrapper.ABIDefinition@f614655f
2022-07-28 10:00:47.721 INFO  org.fisco.bcos.sdk.abi.wrapper.ABIDefinitionFactory 64 loadABI --  abiDefinition: org.fisco.bcos.sdk.abi.wrapper.ABIDefinition@f614655f
2022-07-28 10:00:47.721 INFO  org.fisco.bcos.sdk.abi.wrapper.ContractABIDefinition 86 addFunction --  name: symbol, methodId: 0x95d89b41, methodSignature: symbol(), abi: org.fisco.bcos.sdk.abi.wrapper.ABIDefinition@8f596398
2022-07-28 10:00:47.721 INFO  org.fisco.bcos.sdk.abi.wrapper.ABIDefinitionFactory 64 loadABI --  abiDefinition: org.fisco.bcos.sdk.abi.wrapper.ABIDefinition@8f596398
2022-07-28 10:00:47.721 INFO  org.fisco.bcos.sdk.abi.wrapper.ContractABIDefinition 86 addFunction --  name: addMinter, methodId: 0x983b2d56, methodSignature: addMinter(address), abi: org.fisco.bcos.sdk.abi.wrapper.ABIDefinition@7af63629
2022-07-28 10:00:47.721 INFO  org.fisco.bcos.sdk.abi.wrapper.ABIDefinitionFactory 64 loadABI --  abiDefinition: org.fisco.bcos.sdk.abi.wrapper.ABIDefinition@7af63629
2022-07-28 10:00:47.721 INFO  org.fisco.bcos.sdk.abi.wrapper.ContractABIDefinition 86 addFunction --  name: renounceMinter, methodId: 0x98650275, methodSignature: renounceMinter(), abi: org.fisco.bcos.sdk.abi.wrapper.ABIDefinition@f84999c9
2022-07-28 10:00:47.721 INFO  org.fisco.bcos.sdk.abi.wrapper.ABIDefinitionFactory 64 loadABI --  abiDefinition: org.fisco.bcos.sdk.abi.wrapper.ABIDefinition@f84999c9
2022-07-28 10:00:47.721 INFO  org.fisco.bcos.sdk.abi.wrapper.ContractABIDefinition 86 addFunction --  name: setApprovalForAll, methodId: 0xa22cb465, methodSignature: setApprovalForAll(address,bool), abi: org.fisco.bcos.sdk.abi.wrapper.ABIDefinition@1e9d442e
2022-07-28 10:00:47.721 INFO  org.fisco.bcos.sdk.abi.wrapper.ABIDefinitionFactory 64 loadABI --  abiDefinition: org.fisco.bcos.sdk.abi.wrapper.ABIDefinition@1e9d442e
2022-07-28 10:00:47.722 INFO  org.fisco.bcos.sdk.abi.wrapper.ContractABIDefinition 86 addFunction --  name: isMinter, methodId: 0xaa271e1a, methodSignature: isMinter(address), abi: org.fisco.bcos.sdk.abi.wrapper.ABIDefinition@9c3510ce
2022-07-28 10:00:47.722 INFO  org.fisco.bcos.sdk.abi.wrapper.ABIDefinitionFactory 64 loadABI --  abiDefinition: org.fisco.bcos.sdk.abi.wrapper.ABIDefinition@9c3510ce
2022-07-28 10:00:47.722 INFO  org.fisco.bcos.sdk.abi.wrapper.ContractABIDefinition 78 addFunction --  overload method ??? name: safeTransferFrom, abiDefinition: org.fisco.bcos.sdk.abi.wrapper.ABIDefinition@ebc7a661
2022-07-28 10:00:47.722 INFO  org.fisco.bcos.sdk.abi.wrapper.ContractABIDefinition 86 addFunction --  name: safeTransferFrom, methodId: 0xb88d4fde, methodSignature: safeTransferFrom(address,address,uint256,bytes), abi: org.fisco.bcos.sdk.abi.wrapper.ABIDefinition@ebc7a661
2022-07-28 10:00:47.722 INFO  org.fisco.bcos.sdk.abi.wrapper.ABIDefinitionFactory 64 loadABI --  abiDefinition: org.fisco.bcos.sdk.abi.wrapper.ABIDefinition@ebc7a661
2022-07-28 10:00:47.722 INFO  org.fisco.bcos.sdk.abi.wrapper.ContractABIDefinition 86 addFunction --  name: tokenURI, methodId: 0xc87b56dd, methodSignature: tokenURI(uint256), abi: org.fisco.bcos.sdk.abi.wrapper.ABIDefinition@c24564c3
2022-07-28 10:00:47.722 INFO  org.fisco.bcos.sdk.abi.wrapper.ABIDefinitionFactory 64 loadABI --  abiDefinition: org.fisco.bcos.sdk.abi.wrapper.ABIDefinition@c24564c3
2022-07-28 10:00:47.723 INFO  org.fisco.bcos.sdk.abi.wrapper.ContractABIDefinition 86 addFunction --  name: isApprovedForAll, methodId: 0xe985e9c5, methodSignature: isApprovedForAll(address,address), abi: org.fisco.bcos.sdk.abi.wrapper.ABIDefinition@ff19af31
2022-07-28 10:00:47.723 INFO  org.fisco.bcos.sdk.abi.wrapper.ABIDefinitionFactory 64 loadABI --  abiDefinition: org.fisco.bcos.sdk.abi.wrapper.ABIDefinition@ff19af31
2022-07-28 10:00:47.723 INFO  org.fisco.bcos.sdk.abi.wrapper.ABIDefinitionFactory 64 loadABI --  abiDefinition: org.fisco.bcos.sdk.abi.wrapper.ABIDefinition@4ec4c50d
2022-07-28 10:00:47.723 INFO  org.fisco.bcos.sdk.abi.wrapper.ContractABIDefinition 98 addEvent --  name: MinterAdded, abi: org.fisco.bcos.sdk.abi.wrapper.ABIDefinition@d7c4bad1
2022-07-28 10:00:47.723 INFO  org.fisco.bcos.sdk.abi.wrapper.ABIDefinitionFactory 64 loadABI --  abiDefinition: org.fisco.bcos.sdk.abi.wrapper.ABIDefinition@d7c4bad1
2022-07-28 10:00:47.723 INFO  org.fisco.bcos.sdk.abi.wrapper.ContractABIDefinition 98 addEvent --  name: MinterRemoved, abi: org.fisco.bcos.sdk.abi.wrapper.ABIDefinition@ad6e81f1
2022-07-28 10:00:47.724 INFO  org.fisco.bcos.sdk.abi.wrapper.ABIDefinitionFactory 64 loadABI --  abiDefinition: org.fisco.bcos.sdk.abi.wrapper.ABIDefinition@ad6e81f1
2022-07-28 10:00:47.724 INFO  org.fisco.bcos.sdk.abi.wrapper.ContractABIDefinition 98 addEvent --  name: Transfer, abi: org.fisco.bcos.sdk.abi.wrapper.ABIDefinition@dc3e2b5c
2022-07-28 10:00:47.724 INFO  org.fisco.bcos.sdk.abi.wrapper.ABIDefinitionFactory 64 loadABI --  abiDefinition: org.fisco.bcos.sdk.abi.wrapper.ABIDefinition@dc3e2b5c
2022-07-28 10:00:47.724 INFO  org.fisco.bcos.sdk.abi.wrapper.ContractABIDefinition 98 addEvent --  name: Approval, abi: org.fisco.bcos.sdk.abi.wrapper.ABIDefinition@23c87cc1
2022-07-28 10:00:47.724 INFO  org.fisco.bcos.sdk.abi.wrapper.ABIDefinitionFactory 64 loadABI --  abiDefinition: org.fisco.bcos.sdk.abi.wrapper.ABIDefinition@23c87cc1
2022-07-28 10:00:47.724 INFO  org.fisco.bcos.sdk.abi.wrapper.ContractABIDefinition 98 addEvent --  name: ApprovalForAll, abi: org.fisco.bcos.sdk.abi.wrapper.ABIDefinition@f5ccd264
2022-07-28 10:00:47.724 INFO  org.fisco.bcos.sdk.abi.wrapper.ABIDefinitionFactory 64 loadABI --  abiDefinition: org.fisco.bcos.sdk.abi.wrapper.ABIDefinition@f5ccd264
2022-07-28 10:00:47.724 INFO  org.fisco.bcos.sdk.abi.wrapper.ABIDefinitionFactory 71 loadABI --  contractABIDefinition org.fisco.bcos.sdk.abi.wrapper.ContractABIDefinition@78f9ed3e 
2022-07-28 10:00:47.727 INFO  org.fisco.bcos.sdk.abi.wrapper.ABIObjectFactory 32 createObject --  name: null
2022-07-28 10:00:55.551 INFO  org.fisco.bcos.sdk.eventsub.EventSubscribeImp 173 resendWaitingFilters -- Resend waiting filters, size: 0
2022-07-28 10:00:55.551 INFO  org.fisco.bcos.sdk.eventsub.EventSubscribeImp 173 resendWaitingFilters -- Resend waiting filters, size: 0
2022-07-28 10:00:55.551 INFO  org.fisco.bcos.sdk.eventsub.EventSubscribeImp 173 resendWaitingFilters -- Resend waiting filters, size: 0
2022-07-28 10:00:55.551 INFO  org.fisco.bcos.sdk.eventsub.EventSubscribeImp 173 resendWaitingFilters -- Resend waiting filters, size: 0
2022-07-28 10:00:55.567 INFO  org.fisco.bcos.sdk.eventsub.EventSubscribeImp 173 resendWaitingFilters -- Resend waiting filters, size: 0
2022-07-28 10:00:55.567 INFO  org.fisco.bcos.sdk.eventsub.EventSubscribeImp 173 resendWaitingFilters -- Resend waiting filters, size: 0
2022-07-28 10:00:55.567 INFO  org.fisco.bcos.sdk.eventsub.EventSubscribeImp 173 resendWaitingFilters -- Resend waiting filters, size: 0
2022-07-28 10:00:55.567 INFO  org.fisco.bcos.sdk.eventsub.EventSubscribeImp 173 resendWaitingFilters -- Resend waiting filters, size: 0
2022-07-28 10:00:55.567 INFO  org.fisco.bcos.sdk.eventsub.EventSubscribeImp 173 resendWaitingFilters -- Resend waiting filters, size: 0
2022-07-28 10:00:55.567 INFO  org.fisco.bcos.sdk.eventsub.EventSubscribeImp 173 resendWaitingFilters -- Resend waiting filters, size: 0
2022-07-28 10:01:05.549 INFO  org.fisco.bcos.sdk.eventsub.EventSubscribeImp 173 resendWaitingFilters -- Resend waiting filters, size: 0
2022-07-28 10:01:05.549 INFO  org.fisco.bcos.sdk.eventsub.EventSubscribeImp 173 resendWaitingFilters -- Resend waiting filters, size: 0
2022-07-28 10:01:05.565 INFO  org.fisco.bcos.sdk.eventsub.EventSubscribeImp 173 resendWaitingFilters -- Resend waiting filters, size: 0
2022-07-28 10:01:05.565 INFO  org.fisco.bcos.sdk.eventsub.EventSubscribeImp 173 resendWaitingFilters -- Resend waiting filters, size: 0
2022-07-28 10:01:05.566 INFO  org.fisco.bcos.sdk.eventsub.EventSubscribeImp 173 resendWaitingFilters -- Resend waiting filters, size: 0
2022-07-28 10:01:05.565 INFO  org.fisco.bcos.sdk.eventsub.EventSubscribeImp 173 resendWaitingFilters -- Resend waiting filters, size: 0
2022-07-28 10:01:05.565 INFO  org.fisco.bcos.sdk.eventsub.EventSubscribeImp 173 resendWaitingFilters -- Resend waiting filters, size: 0
2022-07-28 10:01:05.566 INFO  org.fisco.bcos.sdk.eventsub.EventSubscribeImp 173 resendWaitingFilters -- Resend waiting filters, size: 0
2022-07-28 10:01:05.566 INFO  org.fisco.bcos.sdk.eventsub.EventSubscribeImp 173 resendWaitingFilters -- Resend waiting filters, size: 0
2022-07-28 10:01:05.566 INFO  org.fisco.bcos.sdk.eventsub.EventSubscribeImp 173 resendWaitingFilters -- Resend waiting filters, size: 0
2022-07-28 10:01:15.562 INFO  org.fisco.bcos.sdk.eventsub.EventSubscribeImp 173 resendWaitingFilters -- Resend waiting filters, size: 0
2022-07-28 10:01:15.562 INFO  org.fisco.bcos.sdk.eventsub.EventSubscribeImp 173 resendWaitingFilters -- Resend waiting filters, size: 0
2022-07-28 10:01:15.562 INFO  org.fisco.bcos.sdk.eventsub.EventSubscribeImp 173 resendWaitingFilters -- Resend waiting filters, size: 0
2022-07-28 10:01:15.562 INFO  org.fisco.bcos.sdk.eventsub.EventSubscribeImp 173 resendWaitingFilters -- Resend waiting filters, size: 0
2022-07-28 10:01:15.563 INFO  org.fisco.bcos.sdk.eventsub.EventSubscribeImp 173 resendWaitingFilters -- Resend waiting filters, size: 0
2022-07-28 10:01:15.563 INFO  org.fisco.bcos.sdk.eventsub.EventSubscribeImp 173 resendWaitingFilters -- Resend waiting filters, size: 0
2022-07-28 10:01:15.563 INFO  org.fisco.bcos.sdk.eventsub.EventSubscribeImp 173 resendWaitingFilters -- Resend waiting filters, size: 0
2022-07-28 10:01:15.563 INFO  org.fisco.bcos.sdk.eventsub.EventSubscribeImp 173 resendWaitingFilters -- Resend waiting filters, size: 0
2022-07-28 10:01:15.563 INFO  org.fisco.bcos.sdk.eventsub.EventSubscribeImp 173 resendWaitingFilters -- Resend waiting filters, size: 0
2022-07-28 10:01:15.563 INFO  org.fisco.bcos.sdk.eventsub.EventSubscribeImp 173 resendWaitingFilters -- Resend waiting filters, size: 0
2022-07-28 10:01:25.561 INFO  org.fisco.bcos.sdk.eventsub.EventSubscribeImp 173 resendWaitingFilters -- Resend waiting filters, size: 0
2022-07-28 10:01:25.561 INFO  org.fisco.bcos.sdk.eventsub.EventSubscribeImp 173 resendWaitingFilters -- Resend waiting filters, size: 0
2022-07-28 10:01:25.561 INFO  org.fisco.bcos.sdk.eventsub.EventSubscribeImp 173 resendWaitingFilters -- Resend waiting filters, size: 0
2022-07-28 10:01:25.562 INFO  org.fisco.bcos.sdk.eventsub.EventSubscribeImp 173 resendWaitingFilters -- Resend waiting filters, size: 0
2022-07-28 10:01:25.562 INFO  org.fisco.bcos.sdk.eventsub.EventSubscribeImp 173 resendWaitingFilters -- Resend waiting filters, size: 0
2022-07-28 10:01:25.563 INFO  org.fisco.bcos.sdk.eventsub.EventSubscribeImp 173 resendWaitingFilters -- Resend waiting filters, size: 0
2022-07-28 10:01:25.562 INFO  org.fisco.bcos.sdk.eventsub.EventSubscribeImp 173 resendWaitingFilters -- Resend waiting filters, size: 0
2022-07-28 10:01:25.562 INFO  org.fisco.bcos.sdk.eventsub.EventSubscribeImp 173 resendWaitingFilters -- Resend waiting filters, size: 0
2022-07-28 10:01:25.562 INFO  org.fisco.bcos.sdk.eventsub.EventSubscribeImp 173 resendWaitingFilters -- Resend waiting filters, size: 0
2022-07-28 10:01:25.576 INFO  org.fisco.bcos.sdk.eventsub.EventSubscribeImp 173 resendWaitingFilters -- Resend waiting filters, size: 0
2022-07-28 10:01:35.559 INFO  org.fisco.bcos.sdk.eventsub.EventSubscribeImp 173 resendWaitingFilters -- Resend waiting filters, size: 0
2022-07-28 10:01:35.560 INFO  org.fisco.bcos.sdk.eventsub.EventSubscribeImp 173 resendWaitingFilters -- Resend waiting filters, size: 0
2022-07-28 10:01:35.559 INFO  org.fisco.bcos.sdk.eventsub.EventSubscribeImp 173 resendWaitingFilters -- Resend waiting filters, size: 0
2022-07-28 10:01:35.559 INFO  org.fisco.bcos.sdk.eventsub.EventSubscribeImp 173 resendWaitingFilters -- Resend waiting filters, size: 0
2022-07-28 10:01:35.560 INFO  org.fisco.bcos.sdk.eventsub.EventSubscribeImp 173 resendWaitingFilters -- Resend waiting filters, size: 0
2022-07-28 10:01:35.560 INFO  org.fisco.bcos.sdk.eventsub.EventSubscribeImp 173 resendWaitingFilters -- Resend waiting filters, size: 0
2022-07-28 10:01:35.560 INFO  org.fisco.bcos.sdk.eventsub.EventSubscribeImp 173 resendWaitingFilters -- Resend waiting filters, size: 0
2022-07-28 10:01:35.560 INFO  org.fisco.bcos.sdk.eventsub.EventSubscribeImp 173 resendWaitingFilters -- Resend waiting filters, size: 0
2022-07-28 10:01:35.574 INFO  org.fisco.bcos.sdk.eventsub.EventSubscribeImp 173 resendWaitingFilters -- Resend waiting filters, size: 0
2022-07-28 10:01:35.574 INFO  org.fisco.bcos.sdk.eventsub.EventSubscribeImp 173 resendWaitingFilters -- Resend waiting filters, size: 0
2022-07-28 10:01:45.552 INFO  org.fisco.bcos.sdk.eventsub.EventSubscribeImp 173 resendWaitingFilters -- Resend waiting filters, size: 0
2022-07-28 10:01:45.552 INFO  org.fisco.bcos.sdk.eventsub.EventSubscribeImp 173 resendWaitingFilters -- Resend waiting filters, size: 0
2022-07-28 10:01:45.552 INFO  org.fisco.bcos.sdk.eventsub.EventSubscribeImp 173 resendWaitingFilters -- Resend waiting filters, size: 0
2022-07-28 10:01:45.553 INFO  org.fisco.bcos.sdk.eventsub.EventSubscribeImp 173 resendWaitingFilters -- Resend waiting filters, size: 0
2022-07-28 10:01:45.552 INFO  org.fisco.bcos.sdk.eventsub.EventSubscribeImp 173 resendWaitingFilters -- Resend waiting filters, size: 0
2022-07-28 10:01:45.568 INFO  org.fisco.bcos.sdk.eventsub.EventSubscribeImp 173 resendWaitingFilters -- Resend waiting filters, size: 0
2022-07-28 10:01:45.568 INFO  org.fisco.bcos.sdk.eventsub.EventSubscribeImp 173 resendWaitingFilters -- Resend waiting filters, size: 0
2022-07-28 10:01:45.568 INFO  org.fisco.bcos.sdk.eventsub.EventSubscribeImp 173 resendWaitingFilters -- Resend waiting filters, size: 0
2022-07-28 10:01:45.569 INFO  org.fisco.bcos.sdk.eventsub.EventSubscribeImp 173 resendWaitingFilters -- Resend waiting filters, size: 0
2022-07-28 10:01:45.568 INFO  org.fisco.bcos.sdk.eventsub.EventSubscribeImp 173 resendWaitingFilters -- Resend waiting filters, size: 0
2022-07-28 10:01:55.562 INFO  org.fisco.bcos.sdk.eventsub.EventSubscribeImp 173 resendWaitingFilters -- Resend waiting filters, size: 0
2022-07-28 10:01:55.562 INFO  org.fisco.bcos.sdk.eventsub.EventSubscribeImp 173 resendWaitingFilters -- Resend waiting filters, size: 0
2022-07-28 10:01:55.563 INFO  org.fisco.bcos.sdk.eventsub.EventSubscribeImp 173 resendWaitingFilters -- Resend waiting filters, size: 0
2022-07-28 10:01:55.562 INFO  org.fisco.bcos.sdk.eventsub.EventSubscribeImp 173 resendWaitingFilters -- Resend waiting filters, size: 0
2022-07-28 10:01:55.563 INFO  org.fisco.bcos.sdk.eventsub.EventSubscribeImp 173 resendWaitingFilters -- Resend waiting filters, size: 0
2022-07-28 10:01:55.562 INFO  org.fisco.bcos.sdk.eventsub.EventSubscribeImp 173 resendWaitingFilters -- Resend waiting filters, size: 0
2022-07-28 10:01:55.563 INFO  org.fisco.bcos.sdk.eventsub.EventSubscribeImp 173 resendWaitingFilters -- Resend waiting filters, size: 0
2022-07-28 10:01:55.563 INFO  org.fisco.bcos.sdk.eventsub.EventSubscribeImp 173 resendWaitingFilters -- Resend waiting filters, size: 0
2022-07-28 10:01:55.563 INFO  org.fisco.bcos.sdk.eventsub.EventSubscribeImp 173 resendWaitingFilters -- Resend waiting filters, size: 0
2022-07-28 10:01:55.562 INFO  org.fisco.bcos.sdk.eventsub.EventSubscribeImp 173 resendWaitingFilters -- Resend waiting filters, size: 0
2022-07-28 10:02:00.483 INFO  org.fisco.bcos.sdk.abi.wrapper.ContractABIDefinition 86 addFunction --  name: supportsInterface, methodId: 0x01ffc9a7, methodSignature: supportsInterface(bytes4), abi: org.fisco.bcos.sdk.abi.wrapper.ABIDefinition@b486bbc
2022-07-28 10:02:00.484 INFO  org.fisco.bcos.sdk.abi.wrapper.ABIDefinitionFactory 64 loadABI --  abiDefinition: org.fisco.bcos.sdk.abi.wrapper.ABIDefinition@b486bbc
2022-07-28 10:02:00.484 INFO  org.fisco.bcos.sdk.abi.wrapper.ContractABIDefinition 86 addFunction --  name: name, methodId: 0x06fdde03, methodSignature: name(), abi: org.fisco.bcos.sdk.abi.wrapper.ABIDefinition@ed31b70b
2022-07-28 10:02:00.484 INFO  org.fisco.bcos.sdk.abi.wrapper.ABIDefinitionFactory 64 loadABI --  abiDefinition: org.fisco.bcos.sdk.abi.wrapper.ABIDefinition@ed31b70b
2022-07-28 10:02:00.484 INFO  org.fisco.bcos.sdk.abi.wrapper.ContractABIDefinition 86 addFunction --  name: getApproved, methodId: 0x081812fc, methodSignature: getApproved(uint256), abi: org.fisco.bcos.sdk.abi.wrapper.ABIDefinition@3814553a
2022-07-28 10:02:00.484 INFO  org.fisco.bcos.sdk.abi.wrapper.ABIDefinitionFactory 64 loadABI --  abiDefinition: org.fisco.bcos.sdk.abi.wrapper.ABIDefinition@3814553a
2022-07-28 10:02:00.484 INFO  org.fisco.bcos.sdk.abi.wrapper.ContractABIDefinition 86 addFunction --  name: approve, methodId: 0x095ea7b3, methodSignature: approve(address,uint256), abi: org.fisco.bcos.sdk.abi.wrapper.ABIDefinition@ff3cf6cc
2022-07-28 10:02:00.484 INFO  org.fisco.bcos.sdk.abi.wrapper.ABIDefinitionFactory 64 loadABI --  abiDefinition: org.fisco.bcos.sdk.abi.wrapper.ABIDefinition@ff3cf6cc
2022-07-28 10:02:00.484 INFO  org.fisco.bcos.sdk.abi.wrapper.ContractABIDefinition 86 addFunction --  name: totalSupply, methodId: 0x18160ddd, methodSignature: totalSupply(), abi: org.fisco.bcos.sdk.abi.wrapper.ABIDefinition@f77e0a2b
2022-07-28 10:02:00.484 INFO  org.fisco.bcos.sdk.abi.wrapper.ABIDefinitionFactory 64 loadABI --  abiDefinition: org.fisco.bcos.sdk.abi.wrapper.ABIDefinition@f77e0a2b
2022-07-28 10:02:00.485 INFO  org.fisco.bcos.sdk.abi.wrapper.ContractABIDefinition 86 addFunction --  name: transferFrom, methodId: 0x23b872dd, methodSignature: transferFrom(address,address,uint256), abi: org.fisco.bcos.sdk.abi.wrapper.ABIDefinition@b00bab9f
2022-07-28 10:02:00.485 INFO  org.fisco.bcos.sdk.abi.wrapper.ABIDefinitionFactory 64 loadABI --  abiDefinition: org.fisco.bcos.sdk.abi.wrapper.ABIDefinition@b00bab9f
2022-07-28 10:02:00.485 INFO  org.fisco.bcos.sdk.abi.wrapper.ContractABIDefinition 86 addFunction --  name: tokenOfOwnerByIndex, methodId: 0x2f745c59, methodSignature: tokenOfOwnerByIndex(address,uint256), abi: org.fisco.bcos.sdk.abi.wrapper.ABIDefinition@b0f2b5ea
2022-07-28 10:02:00.485 INFO  org.fisco.bcos.sdk.abi.wrapper.ABIDefinitionFactory 64 loadABI --  abiDefinition: org.fisco.bcos.sdk.abi.wrapper.ABIDefinition@b0f2b5ea
2022-07-28 10:02:00.485 INFO  org.fisco.bcos.sdk.abi.wrapper.ContractABIDefinition 86 addFunction --  name: safeTransferFrom, methodId: 0x42842e0e, methodSignature: safeTransferFrom(address,address,uint256), abi: org.fisco.bcos.sdk.abi.wrapper.ABIDefinition@9e36f54c
2022-07-28 10:02:00.485 INFO  org.fisco.bcos.sdk.abi.wrapper.ABIDefinitionFactory 64 loadABI --  abiDefinition: org.fisco.bcos.sdk.abi.wrapper.ABIDefinition@9e36f54c
2022-07-28 10:02:00.485 INFO  org.fisco.bcos.sdk.abi.wrapper.ContractABIDefinition 86 addFunction --  name: tokenByIndex, methodId: 0x4f6ccce7, methodSignature: tokenByIndex(uint256), abi: org.fisco.bcos.sdk.abi.wrapper.ABIDefinition@6a753948
2022-07-28 10:02:00.485 INFO  org.fisco.bcos.sdk.abi.wrapper.ABIDefinitionFactory 64 loadABI --  abiDefinition: org.fisco.bcos.sdk.abi.wrapper.ABIDefinition@6a753948
2022-07-28 10:02:00.485 INFO  org.fisco.bcos.sdk.abi.wrapper.ContractABIDefinition 86 addFunction --  name: mintWithTokenURI, methodId: 0x50bb4e7f, methodSignature: mintWithTokenURI(address,uint256,string), abi: org.fisco.bcos.sdk.abi.wrapper.ABIDefinition@8d15a6f4
2022-07-28 10:02:00.485 INFO  org.fisco.bcos.sdk.abi.wrapper.ABIDefinitionFactory 64 loadABI --  abiDefinition: org.fisco.bcos.sdk.abi.wrapper.ABIDefinition@8d15a6f4
2022-07-28 10:02:00.485 INFO  org.fisco.bcos.sdk.abi.wrapper.ContractABIDefinition 86 addFunction --  name: ownerOf, methodId: 0x6352211e, methodSignature: ownerOf(uint256), abi: org.fisco.bcos.sdk.abi.wrapper.ABIDefinition@ad0aa677
2022-07-28 10:02:00.485 INFO  org.fisco.bcos.sdk.abi.wrapper.ABIDefinitionFactory 64 loadABI --  abiDefinition: org.fisco.bcos.sdk.abi.wrapper.ABIDefinition@ad0aa677
2022-07-28 10:02:00.486 INFO  org.fisco.bcos.sdk.abi.wrapper.ContractABIDefinition 86 addFunction --  name: balanceOf, methodId: 0x70a08231, methodSignature: balanceOf(address), abi: org.fisco.bcos.sdk.abi.wrapper.ABIDefinition@f614655f
2022-07-28 10:02:00.486 INFO  org.fisco.bcos.sdk.abi.wrapper.ABIDefinitionFactory 64 loadABI --  abiDefinition: org.fisco.bcos.sdk.abi.wrapper.ABIDefinition@f614655f
2022-07-28 10:02:00.486 INFO  org.fisco.bcos.sdk.abi.wrapper.ContractABIDefinition 86 addFunction --  name: symbol, methodId: 0x95d89b41, methodSignature: symbol(), abi: org.fisco.bcos.sdk.abi.wrapper.ABIDefinition@8f596398
2022-07-28 10:02:00.486 INFO  org.fisco.bcos.sdk.abi.wrapper.ABIDefinitionFactory 64 loadABI --  abiDefinition: org.fisco.bcos.sdk.abi.wrapper.ABIDefinition@8f596398
2022-07-28 10:02:00.486 INFO  org.fisco.bcos.sdk.abi.wrapper.ContractABIDefinition 86 addFunction --  name: addMinter, methodId: 0x983b2d56, methodSignature: addMinter(address), abi: org.fisco.bcos.sdk.abi.wrapper.ABIDefinition@7af63629
2022-07-28 10:02:00.486 INFO  org.fisco.bcos.sdk.abi.wrapper.ABIDefinitionFactory 64 loadABI --  abiDefinition: org.fisco.bcos.sdk.abi.wrapper.ABIDefinition@7af63629
2022-07-28 10:02:00.486 INFO  org.fisco.bcos.sdk.abi.wrapper.ContractABIDefinition 86 addFunction --  name: renounceMinter, methodId: 0x98650275, methodSignature: renounceMinter(), abi: org.fisco.bcos.sdk.abi.wrapper.ABIDefinition@f84999c9
2022-07-28 10:02:00.486 INFO  org.fisco.bcos.sdk.abi.wrapper.ABIDefinitionFactory 64 loadABI --  abiDefinition: org.fisco.bcos.sdk.abi.wrapper.ABIDefinition@f84999c9
2022-07-28 10:02:00.486 INFO  org.fisco.bcos.sdk.abi.wrapper.ContractABIDefinition 86 addFunction --  name: setApprovalForAll, methodId: 0xa22cb465, methodSignature: setApprovalForAll(address,bool), abi: org.fisco.bcos.sdk.abi.wrapper.ABIDefinition@1e9d442e
2022-07-28 10:02:00.486 INFO  org.fisco.bcos.sdk.abi.wrapper.ABIDefinitionFactory 64 loadABI --  abiDefinition: org.fisco.bcos.sdk.abi.wrapper.ABIDefinition@1e9d442e
2022-07-28 10:02:00.486 INFO  org.fisco.bcos.sdk.abi.wrapper.ContractABIDefinition 86 addFunction --  name: isMinter, methodId: 0xaa271e1a, methodSignature: isMinter(address), abi: org.fisco.bcos.sdk.abi.wrapper.ABIDefinition@9c3510ce
2022-07-28 10:02:00.486 INFO  org.fisco.bcos.sdk.abi.wrapper.ABIDefinitionFactory 64 loadABI --  abiDefinition: org.fisco.bcos.sdk.abi.wrapper.ABIDefinition@9c3510ce
2022-07-28 10:02:00.487 INFO  org.fisco.bcos.sdk.abi.wrapper.ContractABIDefinition 78 addFunction --  overload method ??? name: safeTransferFrom, abiDefinition: org.fisco.bcos.sdk.abi.wrapper.ABIDefinition@ebc7a661
2022-07-28 10:02:00.487 INFO  org.fisco.bcos.sdk.abi.wrapper.ContractABIDefinition 86 addFunction --  name: safeTransferFrom, methodId: 0xb88d4fde, methodSignature: safeTransferFrom(address,address,uint256,bytes), abi: org.fisco.bcos.sdk.abi.wrapper.ABIDefinition@ebc7a661
2022-07-28 10:02:00.487 INFO  org.fisco.bcos.sdk.abi.wrapper.ABIDefinitionFactory 64 loadABI --  abiDefinition: org.fisco.bcos.sdk.abi.wrapper.ABIDefinition@ebc7a661
2022-07-28 10:02:00.487 INFO  org.fisco.bcos.sdk.abi.wrapper.ContractABIDefinition 86 addFunction --  name: tokenURI, methodId: 0xc87b56dd, methodSignature: tokenURI(uint256), abi: org.fisco.bcos.sdk.abi.wrapper.ABIDefinition@c24564c3
2022-07-28 10:02:00.487 INFO  org.fisco.bcos.sdk.abi.wrapper.ABIDefinitionFactory 64 loadABI --  abiDefinition: org.fisco.bcos.sdk.abi.wrapper.ABIDefinition@c24564c3
2022-07-28 10:02:00.487 INFO  org.fisco.bcos.sdk.abi.wrapper.ContractABIDefinition 86 addFunction --  name: isApprovedForAll, methodId: 0xe985e9c5, methodSignature: isApprovedForAll(address,address), abi: org.fisco.bcos.sdk.abi.wrapper.ABIDefinition@ff19af31
2022-07-28 10:02:00.487 INFO  org.fisco.bcos.sdk.abi.wrapper.ABIDefinitionFactory 64 loadABI --  abiDefinition: org.fisco.bcos.sdk.abi.wrapper.ABIDefinition@ff19af31
2022-07-28 10:02:00.487 INFO  org.fisco.bcos.sdk.abi.wrapper.ABIDefinitionFactory 64 loadABI --  abiDefinition: org.fisco.bcos.sdk.abi.wrapper.ABIDefinition@4ec4c50d
2022-07-28 10:02:00.487 INFO  org.fisco.bcos.sdk.abi.wrapper.ContractABIDefinition 98 addEvent --  name: MinterAdded, abi: org.fisco.bcos.sdk.abi.wrapper.ABIDefinition@d7c4bad1
2022-07-28 10:02:00.487 INFO  org.fisco.bcos.sdk.abi.wrapper.ABIDefinitionFactory 64 loadABI --  abiDefinition: org.fisco.bcos.sdk.abi.wrapper.ABIDefinition@d7c4bad1
2022-07-28 10:02:00.488 INFO  org.fisco.bcos.sdk.abi.wrapper.ContractABIDefinition 98 addEvent --  name: MinterRemoved, abi: org.fisco.bcos.sdk.abi.wrapper.ABIDefinition@ad6e81f1
2022-07-28 10:02:00.488 INFO  org.fisco.bcos.sdk.abi.wrapper.ABIDefinitionFactory 64 loadABI --  abiDefinition: org.fisco.bcos.sdk.abi.wrapper.ABIDefinition@ad6e81f1
2022-07-28 10:02:00.488 INFO  org.fisco.bcos.sdk.abi.wrapper.ContractABIDefinition 98 addEvent --  name: Transfer, abi: org.fisco.bcos.sdk.abi.wrapper.ABIDefinition@dc3e2b5c
2022-07-28 10:02:00.488 INFO  org.fisco.bcos.sdk.abi.wrapper.ABIDefinitionFactory 64 loadABI --  abiDefinition: org.fisco.bcos.sdk.abi.wrapper.ABIDefinition@dc3e2b5c
2022-07-28 10:02:00.488 INFO  org.fisco.bcos.sdk.abi.wrapper.ContractABIDefinition 98 addEvent --  name: Approval, abi: org.fisco.bcos.sdk.abi.wrapper.ABIDefinition@23c87cc1
2022-07-28 10:02:00.488 INFO  org.fisco.bcos.sdk.abi.wrapper.ABIDefinitionFactory 64 loadABI --  abiDefinition: org.fisco.bcos.sdk.abi.wrapper.ABIDefinition@23c87cc1
2022-07-28 10:02:00.488 INFO  org.fisco.bcos.sdk.abi.wrapper.ContractABIDefinition 98 addEvent --  name: ApprovalForAll, abi: org.fisco.bcos.sdk.abi.wrapper.ABIDefinition@f5ccd264
2022-07-28 10:02:00.488 INFO  org.fisco.bcos.sdk.abi.wrapper.ABIDefinitionFactory 64 loadABI --  abiDefinition: org.fisco.bcos.sdk.abi.wrapper.ABIDefinition@f5ccd264
2022-07-28 10:02:00.531 INFO  org.fisco.bcos.sdk.abi.wrapper.ABIDefinitionFactory 71 loadABI --  contractABIDefinition org.fisco.bcos.sdk.abi.wrapper.ContractABIDefinition@7e31ce0f 
2022-07-28 10:02:00.531 INFO  org.fisco.bcos.sdk.abi.wrapper.ABIObjectFactory 32 createObject --  name: name
2022-07-28 10:02:00.538 INFO  org.fisco.bcos.sdk.abi.wrapper.ContractABIDefinition 86 addFunction --  name: supportsInterface, methodId: 0x01ffc9a7, methodSignature: supportsInterface(bytes4), abi: org.fisco.bcos.sdk.abi.wrapper.ABIDefinition@b486bbc
2022-07-28 10:02:00.538 INFO  org.fisco.bcos.sdk.abi.wrapper.ABIDefinitionFactory 64 loadABI --  abiDefinition: org.fisco.bcos.sdk.abi.wrapper.ABIDefinition@b486bbc
2022-07-28 10:02:00.538 INFO  org.fisco.bcos.sdk.abi.wrapper.ContractABIDefinition 86 addFunction --  name: name, methodId: 0x06fdde03, methodSignature: name(), abi: org.fisco.bcos.sdk.abi.wrapper.ABIDefinition@ed31b70b
2022-07-28 10:02:00.539 INFO  org.fisco.bcos.sdk.abi.wrapper.ABIDefinitionFactory 64 loadABI --  abiDefinition: org.fisco.bcos.sdk.abi.wrapper.ABIDefinition@ed31b70b
2022-07-28 10:02:00.539 INFO  org.fisco.bcos.sdk.abi.wrapper.ContractABIDefinition 86 addFunction --  name: getApproved, methodId: 0x081812fc, methodSignature: getApproved(uint256), abi: org.fisco.bcos.sdk.abi.wrapper.ABIDefinition@3814553a
2022-07-28 10:02:00.539 INFO  org.fisco.bcos.sdk.abi.wrapper.ABIDefinitionFactory 64 loadABI --  abiDefinition: org.fisco.bcos.sdk.abi.wrapper.ABIDefinition@3814553a
2022-07-28 10:02:00.539 INFO  org.fisco.bcos.sdk.abi.wrapper.ContractABIDefinition 86 addFunction --  name: approve, methodId: 0x095ea7b3, methodSignature: approve(address,uint256), abi: org.fisco.bcos.sdk.abi.wrapper.ABIDefinition@ff3cf6cc
2022-07-28 10:02:00.539 INFO  org.fisco.bcos.sdk.abi.wrapper.ABIDefinitionFactory 64 loadABI --  abiDefinition: org.fisco.bcos.sdk.abi.wrapper.ABIDefinition@ff3cf6cc
2022-07-28 10:02:00.539 INFO  org.fisco.bcos.sdk.abi.wrapper.ContractABIDefinition 86 addFunction --  name: totalSupply, methodId: 0x18160ddd, methodSignature: totalSupply(), abi: org.fisco.bcos.sdk.abi.wrapper.ABIDefinition@f77e0a2b
2022-07-28 10:02:00.539 INFO  org.fisco.bcos.sdk.abi.wrapper.ABIDefinitionFactory 64 loadABI --  abiDefinition: org.fisco.bcos.sdk.abi.wrapper.ABIDefinition@f77e0a2b
2022-07-28 10:02:00.540 INFO  org.fisco.bcos.sdk.abi.wrapper.ContractABIDefinition 86 addFunction --  name: transferFrom, methodId: 0x23b872dd, methodSignature: transferFrom(address,address,uint256), abi: org.fisco.bcos.sdk.abi.wrapper.ABIDefinition@b00bab9f
2022-07-28 10:02:00.540 INFO  org.fisco.bcos.sdk.abi.wrapper.ABIDefinitionFactory 64 loadABI --  abiDefinition: org.fisco.bcos.sdk.abi.wrapper.ABIDefinition@b00bab9f
2022-07-28 10:02:00.540 INFO  org.fisco.bcos.sdk.abi.wrapper.ContractABIDefinition 86 addFunction --  name: tokenOfOwnerByIndex, methodId: 0x2f745c59, methodSignature: tokenOfOwnerByIndex(address,uint256), abi: org.fisco.bcos.sdk.abi.wrapper.ABIDefinition@b0f2b5ea
2022-07-28 10:02:00.540 INFO  org.fisco.bcos.sdk.abi.wrapper.ABIDefinitionFactory 64 loadABI --  abiDefinition: org.fisco.bcos.sdk.abi.wrapper.ABIDefinition@b0f2b5ea
2022-07-28 10:02:00.540 INFO  org.fisco.bcos.sdk.abi.wrapper.ContractABIDefinition 86 addFunction --  name: safeTransferFrom, methodId: 0x42842e0e, methodSignature: safeTransferFrom(address,address,uint256), abi: org.fisco.bcos.sdk.abi.wrapper.ABIDefinition@9e36f54c
2022-07-28 10:02:00.540 INFO  org.fisco.bcos.sdk.abi.wrapper.ABIDefinitionFactory 64 loadABI --  abiDefinition: org.fisco.bcos.sdk.abi.wrapper.ABIDefinition@9e36f54c
2022-07-28 10:02:00.540 INFO  org.fisco.bcos.sdk.abi.wrapper.ContractABIDefinition 86 addFunction --  name: tokenByIndex, methodId: 0x4f6ccce7, methodSignature: tokenByIndex(uint256), abi: org.fisco.bcos.sdk.abi.wrapper.ABIDefinition@6a753948
2022-07-28 10:02:00.540 INFO  org.fisco.bcos.sdk.abi.wrapper.ABIDefinitionFactory 64 loadABI --  abiDefinition: org.fisco.bcos.sdk.abi.wrapper.ABIDefinition@6a753948
2022-07-28 10:02:00.540 INFO  org.fisco.bcos.sdk.abi.wrapper.ContractABIDefinition 86 addFunction --  name: mintWithTokenURI, methodId: 0x50bb4e7f, methodSignature: mintWithTokenURI(address,uint256,string), abi: org.fisco.bcos.sdk.abi.wrapper.ABIDefinition@8d15a6f4
2022-07-28 10:02:00.540 INFO  org.fisco.bcos.sdk.abi.wrapper.ABIDefinitionFactory 64 loadABI --  abiDefinition: org.fisco.bcos.sdk.abi.wrapper.ABIDefinition@8d15a6f4
2022-07-28 10:02:00.541 INFO  org.fisco.bcos.sdk.abi.wrapper.ContractABIDefinition 86 addFunction --  name: ownerOf, methodId: 0x6352211e, methodSignature: ownerOf(uint256), abi: org.fisco.bcos.sdk.abi.wrapper.ABIDefinition@ad0aa677
2022-07-28 10:02:00.541 INFO  org.fisco.bcos.sdk.abi.wrapper.ABIDefinitionFactory 64 loadABI --  abiDefinition: org.fisco.bcos.sdk.abi.wrapper.ABIDefinition@ad0aa677
2022-07-28 10:02:00.541 INFO  org.fisco.bcos.sdk.abi.wrapper.ContractABIDefinition 86 addFunction --  name: balanceOf, methodId: 0x70a08231, methodSignature: balanceOf(address), abi: org.fisco.bcos.sdk.abi.wrapper.ABIDefinition@f614655f
2022-07-28 10:02:00.541 INFO  org.fisco.bcos.sdk.abi.wrapper.ABIDefinitionFactory 64 loadABI --  abiDefinition: org.fisco.bcos.sdk.abi.wrapper.ABIDefinition@f614655f
2022-07-28 10:02:00.541 INFO  org.fisco.bcos.sdk.abi.wrapper.ContractABIDefinition 86 addFunction --  name: symbol, methodId: 0x95d89b41, methodSignature: symbol(), abi: org.fisco.bcos.sdk.abi.wrapper.ABIDefinition@8f596398
2022-07-28 10:02:00.541 INFO  org.fisco.bcos.sdk.abi.wrapper.ABIDefinitionFactory 64 loadABI --  abiDefinition: org.fisco.bcos.sdk.abi.wrapper.ABIDefinition@8f596398
2022-07-28 10:02:00.541 INFO  org.fisco.bcos.sdk.abi.wrapper.ContractABIDefinition 86 addFunction --  name: addMinter, methodId: 0x983b2d56, methodSignature: addMinter(address), abi: org.fisco.bcos.sdk.abi.wrapper.ABIDefinition@7af63629
2022-07-28 10:02:00.541 INFO  org.fisco.bcos.sdk.abi.wrapper.ABIDefinitionFactory 64 loadABI --  abiDefinition: org.fisco.bcos.sdk.abi.wrapper.ABIDefinition@7af63629
2022-07-28 10:02:00.541 INFO  org.fisco.bcos.sdk.abi.wrapper.ContractABIDefinition 86 addFunction --  name: renounceMinter, methodId: 0x98650275, methodSignature: renounceMinter(), abi: org.fisco.bcos.sdk.abi.wrapper.ABIDefinition@f84999c9
2022-07-28 10:02:00.541 INFO  org.fisco.bcos.sdk.abi.wrapper.ABIDefinitionFactory 64 loadABI --  abiDefinition: org.fisco.bcos.sdk.abi.wrapper.ABIDefinition@f84999c9
2022-07-28 10:02:00.541 INFO  org.fisco.bcos.sdk.abi.wrapper.ContractABIDefinition 86 addFunction --  name: setApprovalForAll, methodId: 0xa22cb465, methodSignature: setApprovalForAll(address,bool), abi: org.fisco.bcos.sdk.abi.wrapper.ABIDefinition@1e9d442e
2022-07-28 10:02:00.541 INFO  org.fisco.bcos.sdk.abi.wrapper.ABIDefinitionFactory 64 loadABI --  abiDefinition: org.fisco.bcos.sdk.abi.wrapper.ABIDefinition@1e9d442e
2022-07-28 10:02:00.541 INFO  org.fisco.bcos.sdk.abi.wrapper.ContractABIDefinition 86 addFunction --  name: isMinter, methodId: 0xaa271e1a, methodSignature: isMinter(address), abi: org.fisco.bcos.sdk.abi.wrapper.ABIDefinition@9c3510ce
2022-07-28 10:02:00.541 INFO  org.fisco.bcos.sdk.abi.wrapper.ABIDefinitionFactory 64 loadABI --  abiDefinition: org.fisco.bcos.sdk.abi.wrapper.ABIDefinition@9c3510ce
2022-07-28 10:02:00.541 INFO  org.fisco.bcos.sdk.abi.wrapper.ContractABIDefinition 78 addFunction --  overload method ??? name: safeTransferFrom, abiDefinition: org.fisco.bcos.sdk.abi.wrapper.ABIDefinition@ebc7a661
2022-07-28 10:02:00.541 INFO  org.fisco.bcos.sdk.abi.wrapper.ContractABIDefinition 86 addFunction --  name: safeTransferFrom, methodId: 0xb88d4fde, methodSignature: safeTransferFrom(address,address,uint256,bytes), abi: org.fisco.bcos.sdk.abi.wrapper.ABIDefinition@ebc7a661
2022-07-28 10:02:00.541 INFO  org.fisco.bcos.sdk.abi.wrapper.ABIDefinitionFactory 64 loadABI --  abiDefinition: org.fisco.bcos.sdk.abi.wrapper.ABIDefinition@ebc7a661
2022-07-28 10:02:00.541 INFO  org.fisco.bcos.sdk.abi.wrapper.ContractABIDefinition 86 addFunction --  name: tokenURI, methodId: 0xc87b56dd, methodSignature: tokenURI(uint256), abi: org.fisco.bcos.sdk.abi.wrapper.ABIDefinition@c24564c3
2022-07-28 10:02:00.541 INFO  org.fisco.bcos.sdk.abi.wrapper.ABIDefinitionFactory 64 loadABI --  abiDefinition: org.fisco.bcos.sdk.abi.wrapper.ABIDefinition@c24564c3
2022-07-28 10:02:00.541 INFO  org.fisco.bcos.sdk.abi.wrapper.ContractABIDefinition 86 addFunction --  name: isApprovedForAll, methodId: 0xe985e9c5, methodSignature: isApprovedForAll(address,address), abi: org.fisco.bcos.sdk.abi.wrapper.ABIDefinition@ff19af31
2022-07-28 10:02:00.541 INFO  org.fisco.bcos.sdk.abi.wrapper.ABIDefinitionFactory 64 loadABI --  abiDefinition: org.fisco.bcos.sdk.abi.wrapper.ABIDefinition@ff19af31
2022-07-28 10:02:00.541 INFO  org.fisco.bcos.sdk.abi.wrapper.ABIDefinitionFactory 64 loadABI --  abiDefinition: org.fisco.bcos.sdk.abi.wrapper.ABIDefinition@4ec4c50d
2022-07-28 10:02:00.541 INFO  org.fisco.bcos.sdk.abi.wrapper.ContractABIDefinition 98 addEvent --  name: MinterAdded, abi: org.fisco.bcos.sdk.abi.wrapper.ABIDefinition@d7c4bad1
2022-07-28 10:02:00.541 INFO  org.fisco.bcos.sdk.abi.wrapper.ABIDefinitionFactory 64 loadABI --  abiDefinition: org.fisco.bcos.sdk.abi.wrapper.ABIDefinition@d7c4bad1
2022-07-28 10:02:00.541 INFO  org.fisco.bcos.sdk.abi.wrapper.ContractABIDefinition 98 addEvent --  name: MinterRemoved, abi: org.fisco.bcos.sdk.abi.wrapper.ABIDefinition@ad6e81f1
2022-07-28 10:02:00.541 INFO  org.fisco.bcos.sdk.abi.wrapper.ABIDefinitionFactory 64 loadABI --  abiDefinition: org.fisco.bcos.sdk.abi.wrapper.ABIDefinition@ad6e81f1
2022-07-28 10:02:00.541 INFO  org.fisco.bcos.sdk.abi.wrapper.ContractABIDefinition 98 addEvent --  name: Transfer, abi: org.fisco.bcos.sdk.abi.wrapper.ABIDefinition@dc3e2b5c
2022-07-28 10:02:00.541 INFO  org.fisco.bcos.sdk.abi.wrapper.ABIDefinitionFactory 64 loadABI --  abiDefinition: org.fisco.bcos.sdk.abi.wrapper.ABIDefinition@dc3e2b5c
2022-07-28 10:02:00.541 INFO  org.fisco.bcos.sdk.abi.wrapper.ContractABIDefinition 98 addEvent --  name: Approval, abi: org.fisco.bcos.sdk.abi.wrapper.ABIDefinition@23c87cc1
2022-07-28 10:02:00.542 INFO  org.fisco.bcos.sdk.abi.wrapper.ABIDefinitionFactory 64 loadABI --  abiDefinition: org.fisco.bcos.sdk.abi.wrapper.ABIDefinition@23c87cc1
2022-07-28 10:02:00.542 INFO  org.fisco.bcos.sdk.abi.wrapper.ContractABIDefinition 98 addEvent --  name: ApprovalForAll, abi: org.fisco.bcos.sdk.abi.wrapper.ABIDefinition@f5ccd264
2022-07-28 10:02:00.542 INFO  org.fisco.bcos.sdk.abi.wrapper.ABIDefinitionFactory 64 loadABI --  abiDefinition: org.fisco.bcos.sdk.abi.wrapper.ABIDefinition@f5ccd264
2022-07-28 10:02:00.542 INFO  org.fisco.bcos.sdk.abi.wrapper.ABIDefinitionFactory 71 loadABI --  contractABIDefinition org.fisco.bcos.sdk.abi.wrapper.ContractABIDefinition@4beddc56 
2022-07-28 10:02:00.542 INFO  org.fisco.bcos.sdk.abi.wrapper.ABIObjectFactory 32 createObject --  name: name
2022-07-28 10:02:05.556 INFO  org.fisco.bcos.sdk.eventsub.EventSubscribeImp 173 resendWaitingFilters -- Resend waiting filters, size: 0
2022-07-28 10:02:05.556 INFO  org.fisco.bcos.sdk.eventsub.EventSubscribeImp 173 resendWaitingFilters -- Resend waiting filters, size: 0
2022-07-28 10:02:05.557 INFO  org.fisco.bcos.sdk.eventsub.EventSubscribeImp 173 resendWaitingFilters -- Resend waiting filters, size: 0
2022-07-28 10:02:05.557 INFO  org.fisco.bcos.sdk.eventsub.EventSubscribeImp 173 resendWaitingFilters -- Resend waiting filters, size: 0
2022-07-28 10:02:05.557 INFO  org.fisco.bcos.sdk.eventsub.EventSubscribeImp 173 resendWaitingFilters -- Resend waiting filters, size: 0
2022-07-28 10:02:05.557 INFO  org.fisco.bcos.sdk.eventsub.EventSubscribeImp 173 resendWaitingFilters -- Resend waiting filters, size: 0
2022-07-28 10:02:05.557 INFO  org.fisco.bcos.sdk.eventsub.EventSubscribeImp 173 resendWaitingFilters -- Resend waiting filters, size: 0
2022-07-28 10:02:05.572 INFO  org.fisco.bcos.sdk.eventsub.EventSubscribeImp 173 resendWaitingFilters -- Resend waiting filters, size: 0
2022-07-28 10:02:05.572 INFO  org.fisco.bcos.sdk.eventsub.EventSubscribeImp 173 resendWaitingFilters -- Resend waiting filters, size: 0
2022-07-28 10:02:05.572 INFO  org.fisco.bcos.sdk.eventsub.EventSubscribeImp 173 resendWaitingFilters -- Resend waiting filters, size: 0
2022-07-28 10:02:15.557 INFO  org.fisco.bcos.sdk.eventsub.EventSubscribeImp 173 resendWaitingFilters -- Resend waiting filters, size: 0
2022-07-28 10:02:15.557 INFO  org.fisco.bcos.sdk.eventsub.EventSubscribeImp 173 resendWaitingFilters -- Resend waiting filters, size: 0
2022-07-28 10:02:15.558 INFO  org.fisco.bcos.sdk.eventsub.EventSubscribeImp 173 resendWaitingFilters -- Resend waiting filters, size: 0
2022-07-28 10:02:15.557 INFO  org.fisco.bcos.sdk.eventsub.EventSubscribeImp 173 resendWaitingFilters -- Resend waiting filters, size: 0
2022-07-28 10:02:15.557 INFO  org.fisco.bcos.sdk.eventsub.EventSubscribeImp 173 resendWaitingFilters -- Resend waiting filters, size: 0
2022-07-28 10:02:15.558 INFO  org.fisco.bcos.sdk.eventsub.EventSubscribeImp 173 resendWaitingFilters -- Resend waiting filters, size: 0
2022-07-28 10:02:15.558 INFO  org.fisco.bcos.sdk.eventsub.EventSubscribeImp 173 resendWaitingFilters -- Resend waiting filters, size: 0
2022-07-28 10:02:15.573 INFO  org.fisco.bcos.sdk.eventsub.EventSubscribeImp 173 resendWaitingFilters -- Resend waiting filters, size: 0
2022-07-28 10:02:15.573 INFO  org.fisco.bcos.sdk.eventsub.EventSubscribeImp 173 resendWaitingFilters -- Resend waiting filters, size: 0
2022-07-28 10:02:15.573 INFO  org.fisco.bcos.sdk.eventsub.EventSubscribeImp 173 resendWaitingFilters -- Resend waiting filters, size: 0
2022-07-28 10:02:25.556 INFO  org.fisco.bcos.sdk.eventsub.EventSubscribeImp 173 resendWaitingFilters -- Resend waiting filters, size: 0
2022-07-28 10:02:25.556 INFO  org.fisco.bcos.sdk.eventsub.EventSubscribeImp 173 resendWaitingFilters -- Resend waiting filters, size: 0
2022-07-28 10:02:25.557 INFO  org.fisco.bcos.sdk.eventsub.EventSubscribeImp 173 resendWaitingFilters -- Resend waiting filters, size: 0
2022-07-28 10:02:25.557 INFO  org.fisco.bcos.sdk.eventsub.EventSubscribeImp 173 resendWaitingFilters -- Resend waiting filters, size: 0
2022-07-28 10:02:25.556 INFO  org.fisco.bcos.sdk.eventsub.EventSubscribeImp 173 resendWaitingFilters -- Resend waiting filters, size: 0
2022-07-28 10:02:25.556 INFO  org.fisco.bcos.sdk.eventsub.EventSubscribeImp 173 resendWaitingFilters -- Resend waiting filters, size: 0
2022-07-28 10:02:25.557 INFO  org.fisco.bcos.sdk.eventsub.EventSubscribeImp 173 resendWaitingFilters -- Resend waiting filters, size: 0
2022-07-28 10:02:25.572 INFO  org.fisco.bcos.sdk.eventsub.EventSubscribeImp 173 resendWaitingFilters -- Resend waiting filters, size: 0
2022-07-28 10:02:25.572 INFO  org.fisco.bcos.sdk.eventsub.EventSubscribeImp 173 resendWaitingFilters -- Resend waiting filters, size: 0
2022-07-28 10:02:25.572 INFO  org.fisco.bcos.sdk.eventsub.EventSubscribeImp 173 resendWaitingFilters -- Resend waiting filters, size: 0
2022-07-28 10:02:35.552 INFO  org.fisco.bcos.sdk.eventsub.EventSubscribeImp 173 resendWaitingFilters -- Resend waiting filters, size: 0
2022-07-28 10:02:35.552 INFO  org.fisco.bcos.sdk.eventsub.EventSubscribeImp 173 resendWaitingFilters -- Resend waiting filters, size: 0
2022-07-28 10:02:35.553 INFO  org.fisco.bcos.sdk.eventsub.EventSubscribeImp 173 resendWaitingFilters -- Resend waiting filters, size: 0
2022-07-28 10:02:35.552 INFO  org.fisco.bcos.sdk.eventsub.EventSubscribeImp 173 resendWaitingFilters -- Resend waiting filters, size: 0
2022-07-28 10:02:35.553 INFO  org.fisco.bcos.sdk.eventsub.EventSubscribeImp 173 resendWaitingFilters -- Resend waiting filters, size: 0
2022-07-28 10:02:35.567 INFO  org.fisco.bcos.sdk.eventsub.EventSubscribeImp 173 resendWaitingFilters -- Resend waiting filters, size: 0
2022-07-28 10:02:35.567 INFO  org.fisco.bcos.sdk.eventsub.EventSubscribeImp 173 resendWaitingFilters -- Resend waiting filters, size: 0
2022-07-28 10:02:35.567 INFO  org.fisco.bcos.sdk.eventsub.EventSubscribeImp 173 resendWaitingFilters -- Resend waiting filters, size: 0
2022-07-28 10:02:35.568 INFO  org.fisco.bcos.sdk.eventsub.EventSubscribeImp 173 resendWaitingFilters -- Resend waiting filters, size: 0
2022-07-28 10:02:35.568 INFO  org.fisco.bcos.sdk.eventsub.EventSubscribeImp 173 resendWaitingFilters -- Resend waiting filters, size: 0
2022-07-28 10:02:45.549 INFO  org.fisco.bcos.sdk.eventsub.EventSubscribeImp 173 resendWaitingFilters -- Resend waiting filters, size: 0
2022-07-28 10:02:45.564 INFO  org.fisco.bcos.sdk.eventsub.EventSubscribeImp 173 resendWaitingFilters -- Resend waiting filters, size: 0
2022-07-28 10:02:45.564 INFO  org.fisco.bcos.sdk.eventsub.EventSubscribeImp 173 resendWaitingFilters -- Resend waiting filters, size: 0
2022-07-28 10:02:45.564 INFO  org.fisco.bcos.sdk.eventsub.EventSubscribeImp 173 resendWaitingFilters -- Resend waiting filters, size: 0
2022-07-28 10:02:45.565 INFO  org.fisco.bcos.sdk.eventsub.EventSubscribeImp 173 resendWaitingFilters -- Resend waiting filters, size: 0
2022-07-28 10:02:45.565 INFO  org.fisco.bcos.sdk.eventsub.EventSubscribeImp 173 resendWaitingFilters -- Resend waiting filters, size: 0
2022-07-28 10:02:45.565 INFO  org.fisco.bcos.sdk.eventsub.EventSubscribeImp 173 resendWaitingFilters -- Resend waiting filters, size: 0
2022-07-28 10:02:45.564 INFO  org.fisco.bcos.sdk.eventsub.EventSubscribeImp 173 resendWaitingFilters -- Resend waiting filters, size: 0
2022-07-28 10:02:45.565 INFO  org.fisco.bcos.sdk.eventsub.EventSubscribeImp 173 resendWaitingFilters -- Resend waiting filters, size: 0
2022-07-28 10:02:45.565 INFO  org.fisco.bcos.sdk.eventsub.EventSubscribeImp 173 resendWaitingFilters -- Resend waiting filters, size: 0
2022-07-28 10:02:55.552 INFO  org.fisco.bcos.sdk.eventsub.EventSubscribeImp 173 resendWaitingFilters -- Resend waiting filters, size: 0
2022-07-28 10:02:55.552 INFO  org.fisco.bcos.sdk.eventsub.EventSubscribeImp 173 resendWaitingFilters -- Resend waiting filters, size: 0
2022-07-28 10:02:55.552 INFO  org.fisco.bcos.sdk.eventsub.EventSubscribeImp 173 resendWaitingFilters -- Resend waiting filters, size: 0
2022-07-28 10:02:55.552 INFO  org.fisco.bcos.sdk.eventsub.EventSubscribeImp 173 resendWaitingFilters -- Resend waiting filters, size: 0
2022-07-28 10:02:55.552 INFO  org.fisco.bcos.sdk.eventsub.EventSubscribeImp 173 resendWaitingFilters -- Resend waiting filters, size: 0
2022-07-28 10:02:55.568 INFO  org.fisco.bcos.sdk.eventsub.EventSubscribeImp 173 resendWaitingFilters -- Resend waiting filters, size: 0
2022-07-28 10:02:55.568 INFO  org.fisco.bcos.sdk.eventsub.EventSubscribeImp 173 resendWaitingFilters -- Resend waiting filters, size: 0
2022-07-28 10:02:55.568 INFO  org.fisco.bcos.sdk.eventsub.EventSubscribeImp 173 resendWaitingFilters -- Resend waiting filters, size: 0
2022-07-28 10:02:55.569 INFO  org.fisco.bcos.sdk.eventsub.EventSubscribeImp 173 resendWaitingFilters -- Resend waiting filters, size: 0
2022-07-28 10:02:55.568 INFO  org.fisco.bcos.sdk.eventsub.EventSubscribeImp 173 resendWaitingFilters -- Resend waiting filters, size: 0
2022-07-28 10:03:05.557 INFO  org.fisco.bcos.sdk.eventsub.EventSubscribeImp 173 resendWaitingFilters -- Resend waiting filters, size: 0
2022-07-28 10:03:05.558 INFO  org.fisco.bcos.sdk.eventsub.EventSubscribeImp 173 resendWaitingFilters -- Resend waiting filters, size: 0
2022-07-28 10:03:05.557 INFO  org.fisco.bcos.sdk.eventsub.EventSubscribeImp 173 resendWaitingFilters -- Resend waiting filters, size: 0
2022-07-28 10:03:05.557 INFO  org.fisco.bcos.sdk.eventsub.EventSubscribeImp 173 resendWaitingFilters -- Resend waiting filters, size: 0
2022-07-28 10:03:05.557 INFO  org.fisco.bcos.sdk.eventsub.EventSubscribeImp 173 resendWaitingFilters -- Resend waiting filters, size: 0
2022-07-28 10:03:05.558 INFO  org.fisco.bcos.sdk.eventsub.EventSubscribeImp 173 resendWaitingFilters -- Resend waiting filters, size: 0
2022-07-28 10:03:05.558 INFO  org.fisco.bcos.sdk.eventsub.EventSubscribeImp 173 resendWaitingFilters -- Resend waiting filters, size: 0
2022-07-28 10:03:05.573 INFO  org.fisco.bcos.sdk.eventsub.EventSubscribeImp 173 resendWaitingFilters -- Resend waiting filters, size: 0
2022-07-28 10:03:05.573 INFO  org.fisco.bcos.sdk.eventsub.EventSubscribeImp 173 resendWaitingFilters -- Resend waiting filters, size: 0
2022-07-28 10:03:05.573 INFO  org.fisco.bcos.sdk.eventsub.EventSubscribeImp 173 resendWaitingFilters -- Resend waiting filters, size: 0
2022-07-28 10:03:15.551 INFO  org.fisco.bcos.sdk.eventsub.EventSubscribeImp 173 resendWaitingFilters -- Resend waiting filters, size: 0
2022-07-28 10:03:15.551 INFO  org.fisco.bcos.sdk.eventsub.EventSubscribeImp 173 resendWaitingFilters -- Resend waiting filters, size: 0
2022-07-28 10:03:15.551 INFO  org.fisco.bcos.sdk.eventsub.EventSubscribeImp 173 resendWaitingFilters -- Resend waiting filters, size: 0
2022-07-28 10:03:15.551 INFO  org.fisco.bcos.sdk.eventsub.EventSubscribeImp 173 resendWaitingFilters -- Resend waiting filters, size: 0
2022-07-28 10:03:15.566 INFO  org.fisco.bcos.sdk.eventsub.EventSubscribeImp 173 resendWaitingFilters -- Resend waiting filters, size: 0
2022-07-28 10:03:15.566 INFO  org.fisco.bcos.sdk.eventsub.EventSubscribeImp 173 resendWaitingFilters -- Resend waiting filters, size: 0
2022-07-28 10:03:15.567 INFO  org.fisco.bcos.sdk.eventsub.EventSubscribeImp 173 resendWaitingFilters -- Resend waiting filters, size: 0
2022-07-28 10:03:15.566 INFO  org.fisco.bcos.sdk.eventsub.EventSubscribeImp 173 resendWaitingFilters -- Resend waiting filters, size: 0
2022-07-28 10:03:15.566 INFO  org.fisco.bcos.sdk.eventsub.EventSubscribeImp 173 resendWaitingFilters -- Resend waiting filters, size: 0
2022-07-28 10:03:15.567 INFO  org.fisco.bcos.sdk.eventsub.EventSubscribeImp 173 resendWaitingFilters -- Resend waiting filters, size: 0
2022-07-28 10:03:25.548 INFO  org.fisco.bcos.sdk.eventsub.EventSubscribeImp 173 resendWaitingFilters -- Resend waiting filters, size: 0
2022-07-28 10:03:25.563 INFO  org.fisco.bcos.sdk.eventsub.EventSubscribeImp 173 resendWaitingFilters -- Resend waiting filters, size: 0
2022-07-28 10:03:25.563 INFO  org.fisco.bcos.sdk.eventsub.EventSubscribeImp 173 resendWaitingFilters -- Resend waiting filters, size: 0
2022-07-28 10:03:25.564 INFO  org.fisco.bcos.sdk.eventsub.EventSubscribeImp 173 resendWaitingFilters -- Resend waiting filters, size: 0
2022-07-28 10:03:25.564 INFO  org.fisco.bcos.sdk.eventsub.EventSubscribeImp 173 resendWaitingFilters -- Resend waiting filters, size: 0
2022-07-28 10:03:25.564 INFO  org.fisco.bcos.sdk.eventsub.EventSubscribeImp 173 resendWaitingFilters -- Resend waiting filters, size: 0
2022-07-28 10:03:25.564 INFO  org.fisco.bcos.sdk.eventsub.EventSubscribeImp 173 resendWaitingFilters -- Resend waiting filters, size: 0
2022-07-28 10:03:25.564 INFO  org.fisco.bcos.sdk.eventsub.EventSubscribeImp 173 resendWaitingFilters -- Resend waiting filters, size: 0
2022-07-28 10:03:25.564 INFO  org.fisco.bcos.sdk.eventsub.EventSubscribeImp 173 resendWaitingFilters -- Resend waiting filters, size: 0
2022-07-28 10:03:25.563 INFO  org.fisco.bcos.sdk.eventsub.EventSubscribeImp 173 resendWaitingFilters -- Resend waiting filters, size: 0
2022-07-28 10:03:35.562 INFO  org.fisco.bcos.sdk.eventsub.EventSubscribeImp 173 resendWaitingFilters -- Resend waiting filters, size: 0
2022-07-28 10:03:35.562 INFO  org.fisco.bcos.sdk.eventsub.EventSubscribeImp 173 resendWaitingFilters -- Resend waiting filters, size: 0
2022-07-28 10:03:35.562 INFO  org.fisco.bcos.sdk.eventsub.EventSubscribeImp 173 resendWaitingFilters -- Resend waiting filters, size: 0
2022-07-28 10:03:35.562 INFO  org.fisco.bcos.sdk.eventsub.EventSubscribeImp 173 resendWaitingFilters -- Resend waiting filters, size: 0
2022-07-28 10:03:35.562 INFO  org.fisco.bcos.sdk.eventsub.EventSubscribeImp 173 resendWaitingFilters -- Resend waiting filters, size: 0
2022-07-28 10:03:35.562 INFO  org.fisco.bcos.sdk.eventsub.EventSubscribeImp 173 resendWaitingFilters -- Resend waiting filters, size: 0
2022-07-28 10:03:35.562 INFO  org.fisco.bcos.sdk.eventsub.EventSubscribeImp 173 resendWaitingFilters -- Resend waiting filters, size: 0
2022-07-28 10:03:35.562 INFO  org.fisco.bcos.sdk.eventsub.EventSubscribeImp 173 resendWaitingFilters -- Resend waiting filters, size: 0
2022-07-28 10:03:35.562 INFO  org.fisco.bcos.sdk.eventsub.EventSubscribeImp 173 resendWaitingFilters -- Resend waiting filters, size: 0
2022-07-28 10:03:35.562 INFO  org.fisco.bcos.sdk.eventsub.EventSubscribeImp 173 resendWaitingFilters -- Resend waiting filters, size: 0
2022-07-28 10:03:45.561 INFO  org.fisco.bcos.sdk.eventsub.EventSubscribeImp 173 resendWaitingFilters -- Resend waiting filters, size: 0
2022-07-28 10:03:45.561 INFO  org.fisco.bcos.sdk.eventsub.EventSubscribeImp 173 resendWaitingFilters -- Resend waiting filters, size: 0
2022-07-28 10:03:45.561 INFO  org.fisco.bcos.sdk.eventsub.EventSubscribeImp 173 resendWaitingFilters -- Resend waiting filters, size: 0
2022-07-28 10:03:45.561 INFO  org.fisco.bcos.sdk.eventsub.EventSubscribeImp 173 resendWaitingFilters -- Resend waiting filters, size: 0
2022-07-28 10:03:45.561 INFO  org.fisco.bcos.sdk.eventsub.EventSubscribeImp 173 resendWaitingFilters -- Resend waiting filters, size: 0
2022-07-28 10:03:45.561 INFO  org.fisco.bcos.sdk.eventsub.EventSubscribeImp 173 resendWaitingFilters -- Resend waiting filters, size: 0
2022-07-28 10:03:45.561 INFO  org.fisco.bcos.sdk.eventsub.EventSubscribeImp 173 resendWaitingFilters -- Resend waiting filters, size: 0
2022-07-28 10:03:45.562 INFO  org.fisco.bcos.sdk.eventsub.EventSubscribeImp 173 resendWaitingFilters -- Resend waiting filters, size: 0
2022-07-28 10:03:45.562 INFO  org.fisco.bcos.sdk.eventsub.EventSubscribeImp 173 resendWaitingFilters -- Resend waiting filters, size: 0
2022-07-28 10:03:45.562 INFO  org.fisco.bcos.sdk.eventsub.EventSubscribeImp 173 resendWaitingFilters -- Resend waiting filters, size: 0
